[0.781s] Invoking command in '/home/robinson/tello_ros_ws/build/tello_driver': AMENT_PREFIX_PATH=/home/robinson/tello_ros_ws/install/tello_msgs:/home/robinson/tello_ros_ws/install/ros2_shared:${AMENT_PREFIX_PATH} CMAKE_PREFIX_PATH=/home/robinson/tello_ros_ws/install/tello_msgs:/home/robinson/tello_ros_ws/install/ros2_shared:/opt/ros/galactic LD_LIBRARY_PATH=/home/robinson/tello_ros_ws/install/tello_msgs/lib:${LD_LIBRARY_PATH} PYTHONPATH=/home/robinson/tello_ros_ws/install/tello_msgs/lib/python3.8/site-packages:${PYTHONPATH} /usr/bin/cmake --build /home/robinson/tello_ros_ws/build/tello_driver -- -j20 -l20
[0.887s] [  9%] Built target tello_emulator
[0.902s] [ 18%] Built target tello_joy_node
[0.904s] [ 31%] Built target tello_joy_main
[0.941s] [ 63%] Built target tello_driver_node
[0.946s] [100%] Built target tello_driver_main
[0.965s] Invoked command in '/home/robinson/tello_ros_ws/build/tello_driver' returned '0': AMENT_PREFIX_PATH=/home/robinson/tello_ros_ws/install/tello_msgs:/home/robinson/tello_ros_ws/install/ros2_shared:${AMENT_PREFIX_PATH} CMAKE_PREFIX_PATH=/home/robinson/tello_ros_ws/install/tello_msgs:/home/robinson/tello_ros_ws/install/ros2_shared:/opt/ros/galactic LD_LIBRARY_PATH=/home/robinson/tello_ros_ws/install/tello_msgs/lib:${LD_LIBRARY_PATH} PYTHONPATH=/home/robinson/tello_ros_ws/install/tello_msgs/lib/python3.8/site-packages:${PYTHONPATH} /usr/bin/cmake --build /home/robinson/tello_ros_ws/build/tello_driver -- -j20 -l20
[1.021s] Invoking command in '/home/robinson/tello_ros_ws/build/tello_driver': AMENT_PREFIX_PATH=/home/robinson/tello_ros_ws/install/tello_msgs:/home/robinson/tello_ros_ws/install/ros2_shared:${AMENT_PREFIX_PATH} CMAKE_PREFIX_PATH=/home/robinson/tello_ros_ws/install/tello_msgs:/home/robinson/tello_ros_ws/install/ros2_shared:/opt/ros/galactic LD_LIBRARY_PATH=/home/robinson/tello_ros_ws/install/tello_msgs/lib:${LD_LIBRARY_PATH} PYTHONPATH=/home/robinson/tello_ros_ws/install/tello_msgs/lib/python3.8/site-packages:${PYTHONPATH} /usr/bin/cmake --install /home/robinson/tello_ros_ws/build/tello_driver
[1.035s] -- Install configuration: ""
[1.043s] -- Execute custom install script
[1.043s] -- Up-to-date symlink: /home/robinson/tello_ros_ws/install/tello_driver/share/tello_driver/environment/library_path.sh
[1.043s] -- Up-to-date symlink: /home/robinson/tello_ros_ws/install/tello_driver/share/tello_driver/environment/library_path.dsv
[1.044s] -- Up-to-date symlink: /home/robinson/tello_ros_ws/install/tello_driver/lib/libtello_driver_node.so
[1.044s] -- Up-to-date symlink: /home/robinson/tello_ros_ws/install/tello_driver/lib/libtello_joy_node.so
[1.045s] -- Up-to-date symlink: /home/robinson/tello_ros_ws/install/tello_driver/lib/tello_driver/tello_driver_main
[1.046s] -- Up-to-date symlink: /home/robinson/tello_ros_ws/install/tello_driver/lib/tello_driver/tello_joy_main
[1.046s] -- Up-to-date symlink: /home/robinson/tello_ros_ws/install/tello_driver/lib/tello_driver/tello_emulator
[1.049s] -- Up-to-date symlink: /home/robinson/tello_ros_ws/install/tello_driver/share/tello_driver/cfg/camera_info.yaml
[1.050s] -- Up-to-date symlink: /home/robinson/tello_ros_ws/install/tello_driver/share/tello_driver/launch/emulator_launch.py
[1.051s] -- Up-to-date symlink: /home/robinson/tello_ros_ws/install/tello_driver/share/tello_driver/launch/emulators_launch.py
[1.051s] -- Up-to-date symlink: /home/robinson/tello_ros_ws/install/tello_driver/share/tello_driver/launch/ipsa_launch.py
[1.052s] -- Up-to-date symlink: /home/robinson/tello_ros_ws/install/tello_driver/share/tello_driver/launch/teleop_launch.py
[1.053s] -- Up-to-date symlink: /home/robinson/tello_ros_ws/install/tello_driver/share/ament_index/resource_index/package_run_dependencies/tello_driver
[1.054s] -- Up-to-date symlink: /home/robinson/tello_ros_ws/install/tello_driver/share/ament_index/resource_index/parent_prefix_path/tello_driver
[1.056s] -- Up-to-date symlink: /home/robinson/tello_ros_ws/install/tello_driver/share/tello_driver/environment/ament_prefix_path.sh
[1.056s] -- Up-to-date symlink: /home/robinson/tello_ros_ws/install/tello_driver/share/tello_driver/environment/ament_prefix_path.dsv
[1.057s] -- Up-to-date symlink: /home/robinson/tello_ros_ws/install/tello_driver/share/tello_driver/environment/path.sh
[1.060s] -- Up-to-date symlink: /home/robinson/tello_ros_ws/install/tello_driver/share/tello_driver/environment/path.dsv
[1.060s] -- Up-to-date symlink: /home/robinson/tello_ros_ws/install/tello_driver/share/tello_driver/local_setup.bash
[1.062s] -- Up-to-date symlink: /home/robinson/tello_ros_ws/install/tello_driver/share/tello_driver/local_setup.sh
[1.062s] -- Up-to-date symlink: /home/robinson/tello_ros_ws/install/tello_driver/share/tello_driver/local_setup.zsh
[1.063s] -- Up-to-date symlink: /home/robinson/tello_ros_ws/install/tello_driver/share/tello_driver/local_setup.dsv
[1.063s] -- Symlinking: /home/robinson/tello_ros_ws/install/tello_driver/share/tello_driver/package.dsv
[1.075s] -- Up-to-date symlink: /home/robinson/tello_ros_ws/install/tello_driver/share/ament_index/resource_index/packages/tello_driver
[1.076s] -- Up-to-date symlink: /home/robinson/tello_ros_ws/install/tello_driver/share/ament_index/resource_index/rclcpp_components/tello_driver
[1.077s] -- Up-to-date symlink: /home/robinson/tello_ros_ws/install/tello_driver/share/tello_driver/cmake/tello_driverConfig.cmake
[1.078s] -- Up-to-date symlink: /home/robinson/tello_ros_ws/install/tello_driver/share/tello_driver/cmake/tello_driverConfig-version.cmake
[1.079s] -- Up-to-date symlink: /home/robinson/tello_ros_ws/install/tello_driver/share/tello_driver/package.xml
[1.084s] Invoked command in '/home/robinson/tello_ros_ws/build/tello_driver' returned '0': AMENT_PREFIX_PATH=/home/robinson/tello_ros_ws/install/tello_msgs:/home/robinson/tello_ros_ws/install/ros2_shared:${AMENT_PREFIX_PATH} CMAKE_PREFIX_PATH=/home/robinson/tello_ros_ws/install/tello_msgs:/home/robinson/tello_ros_ws/install/ros2_shared:/opt/ros/galactic LD_LIBRARY_PATH=/home/robinson/tello_ros_ws/install/tello_msgs/lib:${LD_LIBRARY_PATH} PYTHONPATH=/home/robinson/tello_ros_ws/install/tello_msgs/lib/python3.8/site-packages:${PYTHONPATH} /usr/bin/cmake --install /home/robinson/tello_ros_ws/build/tello_driver
