[0.013s] Invoking command in '/home/robinson/tello_ros_ws/build/tello_description': CMAKE_PREFIX_PATH=/opt/ros/galactic /usr/bin/cmake /home/robinson/tello_ros_ws/src/tello_ros/tello_description -DAMENT_CMAKE_SYMLINK_INSTALL=1 -DCMAKE_INSTALL_PREFIX=/home/robinson/tello_ros_ws/install/tello_description
[0.130s] -- The C compiler identification is GNU 9.4.0
[0.323s] -- The CXX compiler identification is GNU 9.4.0
[0.406s] -- Check for working C compiler: /usr/bin/cc
[0.517s] -- Check for working C compiler: /usr/bin/cc -- works
[0.518s] -- Detecting C compiler ABI info
[0.626s] -- Detecting C compiler ABI info - done
[0.633s] -- Detecting C compile features
[0.633s] -- Detecting C compile features - done
[0.635s] -- Check for working CXX compiler: /usr/bin/c++
[0.746s] -- Check for working CXX compiler: /usr/bin/c++ -- works
[0.747s] -- Detecting CXX compiler ABI info
[0.856s] -- Detecting CXX compiler ABI info - done
[0.862s] -- Detecting CXX compile features
[0.863s] -- Detecting CXX compile features - done
[0.864s] -- Found ament_cmake: 1.1.5 (/opt/ros/galactic/share/ament_cmake/cmake)
[1.022s] -- Found PythonInterp: /home/robinson/.pyenv/shims/python3 (found suitable version "3.8.10", minimum required is "3") 
[1.022s] -- Using PYTHON_EXECUTABLE: /home/robinson/.pyenv/shims/python3
[1.200s] -- Override CMake install command with custom implementation using symlinks instead of copying resources
[1.211s] -- creating rules for /home/robinson/tello_ros_ws/build/tello_description/urdf/tello.urdf
[1.211s] -- creating rules for /home/robinson/tello_ros_ws/build/tello_description/urdf/tello_1.urdf
[1.211s] -- creating rules for /home/robinson/tello_ros_ws/build/tello_description/urdf/tello_2.urdf
[1.211s] -- creating rules for /home/robinson/tello_ros_ws/build/tello_description/urdf/tello_3.urdf
[1.212s] -- creating rules for /home/robinson/tello_ros_ws/build/tello_description/urdf/tello_4.urdf
[1.212s] -- creating rules for /home/robinson/tello_ros_ws/build/tello_description/urdf/tello_5.urdf
[1.212s] -- creating rules for /home/robinson/tello_ros_ws/build/tello_description/urdf/tello_6.urdf
[1.212s] -- creating rules for /home/robinson/tello_ros_ws/build/tello_description/urdf/tello_7.urdf
[1.212s] -- creating rules for /home/robinson/tello_ros_ws/build/tello_description/urdf/tello_8.urdf
[1.408s] -- Configuring done
[1.411s] -- Generating done
[1.412s] -- Build files have been written to: /home/robinson/tello_ros_ws/build/tello_description
[1.418s] Invoked command in '/home/robinson/tello_ros_ws/build/tello_description' returned '0': CMAKE_PREFIX_PATH=/opt/ros/galactic /usr/bin/cmake /home/robinson/tello_ros_ws/src/tello_ros/tello_description -DAMENT_CMAKE_SYMLINK_INSTALL=1 -DCMAKE_INSTALL_PREFIX=/home/robinson/tello_ros_ws/install/tello_description
[1.420s] Invoking command in '/home/robinson/tello_ros_ws/build/tello_description': CMAKE_PREFIX_PATH=/opt/ros/galactic /usr/bin/cmake --build /home/robinson/tello_ros_ws/build/tello_description -- -j20 -l20
[1.443s] [35m[1mScanning dependencies of target generate_urdf_1[0m
[1.444s] [35m[1mScanning dependencies of target generate_urdf_8[0m
[1.444s] [35m[1mScanning dependencies of target generate_urdf_3[0m
[1.444s] [35m[1mScanning dependencies of target generate_urdf_4[0m
[1.444s] [35m[1mScanning dependencies of target generate_urdf_6[0m
[1.444s] [35m[1mScanning dependencies of target generate_urdf_2[0m
[1.445s] [35m[1mScanning dependencies of target generate_urdf[0m
[1.446s] [35m[1mScanning dependencies of target generate_urdf_7[0m
[1.446s] [35m[1mScanning dependencies of target generate_urdf_5[0m
[1.448s] [ 11%] [34m[1mGenerate /home/robinson/tello_ros_ws/build/tello_description/urdf/tello_8.urdf[0m
[1.448s] [ 22%] [34m[1mGenerate /home/robinson/tello_ros_ws/build/tello_description/urdf/tello_3.urdf[0m
[1.449s] [ 33%] [34m[1mGenerate /home/robinson/tello_ros_ws/build/tello_description/urdf/tello_2.urdf[0m
[1.449s] [ 44%] [34m[1mGenerate /home/robinson/tello_ros_ws/build/tello_description/urdf/tello_6.urdf[0m
[1.449s] [ 66%] [34m[1mGenerate /home/robinson/tello_ros_ws/build/tello_description/urdf/tello_4.urdf[0m
[1.449s] [ 66%] [34m[1mGenerate /home/robinson/tello_ros_ws/build/tello_description/urdf/tello_1.urdf[0m
[1.452s] [ 77%] [34m[1mGenerate /home/robinson/tello_ros_ws/build/tello_description/urdf/tello.urdf[0m
[1.452s] [ 88%] [34m[1mGenerate /home/robinson/tello_ros_ws/build/tello_description/urdf/tello_7.urdf[0m
[1.453s] [100%] [34m[1mGenerate /home/robinson/tello_ros_ws/build/tello_description/urdf/tello_5.urdf[0m
[1.704s] [100%] Built target generate_urdf_7
[1.705s] [100%] Built target generate_urdf_4
[1.707s] [100%] Built target generate_urdf_2
[1.707s] [100%] Built target generate_urdf_6
[1.707s] [100%] Built target generate_urdf_1
[1.720s] [100%] Built target generate_urdf_5
[1.738s] [100%] Built target generate_urdf
[1.750s] [100%] Built target generate_urdf_3
[1.771s] [100%] Built target generate_urdf_8
[1.778s] Invoked command in '/home/robinson/tello_ros_ws/build/tello_description' returned '0': CMAKE_PREFIX_PATH=/opt/ros/galactic /usr/bin/cmake --build /home/robinson/tello_ros_ws/build/tello_description -- -j20 -l20
[1.794s] Invoking command in '/home/robinson/tello_ros_ws/build/tello_description': CMAKE_PREFIX_PATH=/opt/ros/galactic /usr/bin/cmake --install /home/robinson/tello_ros_ws/build/tello_description
[1.798s] -- Install configuration: ""
[1.798s] -- Execute custom install script
[1.799s] -- Symlinking: /home/robinson/tello_ros_ws/install/tello_description/share/tello_description/urdf/tello.urdf
[1.804s] -- Symlinking: /home/robinson/tello_ros_ws/install/tello_description/share/tello_description/urdf/tello_1.urdf
[1.809s] -- Symlinking: /home/robinson/tello_ros_ws/install/tello_description/share/tello_description/urdf/tello_2.urdf
[1.814s] -- Symlinking: /home/robinson/tello_ros_ws/install/tello_description/share/tello_description/urdf/tello_3.urdf
[1.820s] -- Symlinking: /home/robinson/tello_ros_ws/install/tello_description/share/tello_description/urdf/tello_4.urdf
[1.825s] -- Symlinking: /home/robinson/tello_ros_ws/install/tello_description/share/tello_description/urdf/tello_5.urdf
[1.830s] -- Symlinking: /home/robinson/tello_ros_ws/install/tello_description/share/tello_description/urdf/tello_6.urdf
[1.835s] -- Symlinking: /home/robinson/tello_ros_ws/install/tello_description/share/tello_description/urdf/tello_7.urdf
[1.840s] -- Symlinking: /home/robinson/tello_ros_ws/install/tello_description/share/tello_description/urdf/tello_8.urdf
[1.845s] -- Symlinking: /home/robinson/tello_ros_ws/install/tello_description/share/ament_index/resource_index/package_run_dependencies/tello_description
[1.850s] -- Symlinking: /home/robinson/tello_ros_ws/install/tello_description/share/ament_index/resource_index/parent_prefix_path/tello_description
[1.856s] -- Symlinking: /home/robinson/tello_ros_ws/install/tello_description/share/tello_description/environment/ament_prefix_path.sh
[1.861s] -- Symlinking: /home/robinson/tello_ros_ws/install/tello_description/share/tello_description/environment/ament_prefix_path.dsv
[1.866s] -- Symlinking: /home/robinson/tello_ros_ws/install/tello_description/share/tello_description/environment/path.sh
[1.871s] -- Symlinking: /home/robinson/tello_ros_ws/install/tello_description/share/tello_description/environment/path.dsv
[1.876s] -- Symlinking: /home/robinson/tello_ros_ws/install/tello_description/share/tello_description/local_setup.bash
[1.881s] -- Symlinking: /home/robinson/tello_ros_ws/install/tello_description/share/tello_description/local_setup.sh
[1.886s] -- Symlinking: /home/robinson/tello_ros_ws/install/tello_description/share/tello_description/local_setup.zsh
[1.891s] -- Symlinking: /home/robinson/tello_ros_ws/install/tello_description/share/tello_description/local_setup.dsv
[1.896s] -- Symlinking: /home/robinson/tello_ros_ws/install/tello_description/share/tello_description/package.dsv
[1.901s] -- Symlinking: /home/robinson/tello_ros_ws/install/tello_description/share/ament_index/resource_index/packages/tello_description
[1.907s] -- Symlinking: /home/robinson/tello_ros_ws/install/tello_description/share/tello_description/cmake/tello_descriptionConfig.cmake
[1.911s] -- Symlinking: /home/robinson/tello_ros_ws/install/tello_description/share/tello_description/cmake/tello_descriptionConfig-version.cmake
[1.916s] -- Symlinking: /home/robinson/tello_ros_ws/install/tello_description/share/tello_description/package.xml
[1.924s] Invoked command in '/home/robinson/tello_ros_ws/build/tello_description' returned '0': CMAKE_PREFIX_PATH=/opt/ros/galactic /usr/bin/cmake --install /home/robinson/tello_ros_ws/build/tello_description
