[0.181s] Invoking command in '/home/robinson/tello_ros_ws/build/tello_driver': AMENT_PREFIX_PATH=/home/robinson/tello_ros_ws/install/tello_msgs:/home/robinson/tello_ros_ws/install/ros2_shared:${AMENT_PREFIX_PATH} CMAKE_PREFIX_PATH=/home/robinson/tello_ros_ws/install/tello_msgs:/home/robinson/tello_ros_ws/install/ros2_shared:/opt/ros/galactic LD_LIBRARY_PATH=/home/robinson/tello_ros_ws/install/tello_msgs/lib:${LD_LIBRARY_PATH} PYTHONPATH=/home/robinson/tello_ros_ws/install/tello_msgs/lib/python3.8/site-packages:${PYTHONPATH} /usr/bin/cmake /home/robinson/tello_ros_ws/src/tello_ros/tello_driver -DAMENT_CMAKE_SYMLINK_INSTALL=1 -DCMAKE_INSTALL_PREFIX=/home/robinson/tello_ros_ws/install/tello_driver
[0.364s] -- The C compiler identification is GNU 9.4.0
[0.633s] -- The CXX compiler identification is GNU 9.4.0
[0.755s] -- Check for working C compiler: /usr/bin/cc
[0.888s] -- Check for working C compiler: /usr/bin/cc -- works
[0.889s] -- Detecting C compiler ABI info
[1.062s] -- Detecting C compiler ABI info - done
[1.069s] -- Detecting C compile features
[1.070s] -- Detecting C compile features - done
[1.071s] -- Check for working CXX compiler: /usr/bin/c++
[1.224s] -- Check for working CXX compiler: /usr/bin/c++ -- works
[1.225s] -- Detecting CXX compiler ABI info
[1.369s] -- Detecting CXX compiler ABI info - done
[1.376s] -- Detecting CXX compile features
[1.377s] -- Detecting CXX compile features - done
[1.378s] -- Found ament_cmake: 1.1.5 (/opt/ros/galactic/share/ament_cmake/cmake)
[1.660s] -- Found PythonInterp: /home/robinson/.pyenv/shims/python3 (found suitable version "3.8.10", minimum required is "3") 
[1.660s] -- Using PYTHON_EXECUTABLE: /home/robinson/.pyenv/shims/python3
[1.899s] -- Override CMake install command with custom implementation using symlinks instead of copying resources
[1.912s] -- Found camera_calibration_parsers: 2.5.0 (/opt/ros/galactic/share/camera_calibration_parsers/cmake)
[2.109s] -- Using all available rosidl_typesupport_c: rosidl_typesupport_fastrtps_c;rosidl_typesupport_introspection_c
[2.113s] -- Found rosidl_adapter: 2.2.2 (/opt/ros/galactic/share/rosidl_adapter/cmake)
[3.347s] -- Found OpenSSL: /usr/lib/x86_64-linux-gnu/libcrypto.so (found version "1.1.1f")  
[4.537s] -- Found FastRTPS: /opt/ros/galactic/include  
[6.760s] -- Using all available rosidl_typesupport_cpp: rosidl_typesupport_fastrtps_cpp;rosidl_typesupport_introspection_cpp
[6.830s] -- Found rmw_implementation_cmake: 3.3.1 (/opt/ros/galactic/share/rmw_implementation_cmake/cmake)
[6.833s] -- Found rmw_cyclonedds_cpp: 0.22.5 (/opt/ros/galactic/share/rmw_cyclonedds_cpp/cmake)
[6.860s] -- Using RMW implementation 'rmw_cyclonedds_cpp' as default
[6.861s] -- Looking for pthread.h
[6.985s] -- Looking for pthread.h - found
[6.986s] -- Performing Test CMAKE_HAVE_LIBC_PTHREAD
[7.120s] -- Performing Test CMAKE_HAVE_LIBC_PTHREAD - Failed
[7.121s] -- Looking for pthread_create in pthreads
[7.240s] -- Looking for pthread_create in pthreads - not found
[7.240s] -- Looking for pthread_create in pthread
[7.368s] -- Looking for pthread_create in pthread - found
[7.370s] -- Found Threads: TRUE  
[8.657s] -- Setting yaml-cpp_DIR to: '/opt/ros/galactic/share/yaml_cpp_vendor/cmake/../../../opt/yaml_cpp_vendor/lib/cmake/yaml-cpp'
[8.660s] -- Found class_loader: 2.1.2 (/opt/ros/galactic/share/class_loader/cmake)
[8.664s] -- Found cv_bridge: 3.1.3 (/opt/ros/galactic/share/cv_bridge/cmake)
[8.684s] -- Found OpenCV: /usr (found version "4.2.0") 
[8.685s] -- Found rclcpp_components: 9.2.1 (/opt/ros/galactic/share/rclcpp_components/cmake)
[8.718s] -- Found ros2_shared: 0.1.0 (/home/robinson/tello_ros_ws/install/ros2_shared/share/ros2_shared/cmake)
[8.719s] -- Found tello_msgs: 0.1.0 (/home/robinson/tello_ros_ws/install/tello_msgs/share/tello_msgs/cmake)
[9.046s] -- Configuring done
[9.078s] -- Generating done
[9.079s] -- Build files have been written to: /home/robinson/tello_ros_ws/build/tello_driver
[9.086s] Invoked command in '/home/robinson/tello_ros_ws/build/tello_driver' returned '0': AMENT_PREFIX_PATH=/home/robinson/tello_ros_ws/install/tello_msgs:/home/robinson/tello_ros_ws/install/ros2_shared:${AMENT_PREFIX_PATH} CMAKE_PREFIX_PATH=/home/robinson/tello_ros_ws/install/tello_msgs:/home/robinson/tello_ros_ws/install/ros2_shared:/opt/ros/galactic LD_LIBRARY_PATH=/home/robinson/tello_ros_ws/install/tello_msgs/lib:${LD_LIBRARY_PATH} PYTHONPATH=/home/robinson/tello_ros_ws/install/tello_msgs/lib/python3.8/site-packages:${PYTHONPATH} /usr/bin/cmake /home/robinson/tello_ros_ws/src/tello_ros/tello_driver -DAMENT_CMAKE_SYMLINK_INSTALL=1 -DCMAKE_INSTALL_PREFIX=/home/robinson/tello_ros_ws/install/tello_driver
[9.088s] Invoking command in '/home/robinson/tello_ros_ws/build/tello_driver': AMENT_PREFIX_PATH=/home/robinson/tello_ros_ws/install/tello_msgs:/home/robinson/tello_ros_ws/install/ros2_shared:${AMENT_PREFIX_PATH} CMAKE_PREFIX_PATH=/home/robinson/tello_ros_ws/install/tello_msgs:/home/robinson/tello_ros_ws/install/ros2_shared:/opt/ros/galactic LD_LIBRARY_PATH=/home/robinson/tello_ros_ws/install/tello_msgs/lib:${LD_LIBRARY_PATH} PYTHONPATH=/home/robinson/tello_ros_ws/install/tello_msgs/lib/python3.8/site-packages:${PYTHONPATH} /usr/bin/cmake --build /home/robinson/tello_ros_ws/build/tello_driver -- -j20 -l20
[9.110s] [35m[1mScanning dependencies of target tello_emulator[0m
[9.110s] [35m[1mScanning dependencies of target tello_joy_main[0m
[9.110s] [35m[1mScanning dependencies of target tello_driver_node[0m
[9.111s] [35m[1mScanning dependencies of target tello_driver_main[0m
[9.112s] [35m[1mScanning dependencies of target tello_joy_node[0m
[9.116s] [  4%] [32mBuilding CXX object CMakeFiles/tello_emulator.dir/src/tello_emulator.cpp.o[0m
[9.138s] [  9%] [32mBuilding CXX object CMakeFiles/tello_joy_main.dir/src/tello_joy_main.cpp.o[0m
[9.138s] [ 13%] [32mBuilding CXX object CMakeFiles/tello_joy_main.dir/src/tello_joy_node.cpp.o[0m
[9.140s] [ 18%] [32mBuilding CXX object CMakeFiles/tello_joy_node.dir/src/tello_joy_node.cpp.o[0m
[9.162s] [ 22%] [32mBuilding CXX object CMakeFiles/tello_driver_node.dir/src/state_socket.cpp.o[0m
[9.162s] [ 27%] [32mBuilding CXX object CMakeFiles/tello_driver_node.dir/src/tello_driver_node.cpp.o[0m
[9.162s] [ 31%] [32mBuilding CXX object CMakeFiles/tello_driver_node.dir/src/command_socket.cpp.o[0m
[9.163s] [ 36%] [32mBuilding CXX object CMakeFiles/tello_driver_node.dir/src/video_socket.cpp.o[0m
[9.163s] [ 40%] [32mBuilding CXX object CMakeFiles/tello_driver_node.dir/h264decoder/h264decoder.cpp.o[0m
[9.170s] [ 45%] [32mBuilding CXX object CMakeFiles/tello_driver_node.dir/src/tello_socket.cpp.o[0m
[9.171s] [ 54%] [32mBuilding CXX object CMakeFiles/tello_driver_main.dir/src/tello_socket.cpp.o[0m
[9.171s] [ 54%] [32mBuilding CXX object CMakeFiles/tello_driver_main.dir/src/tello_driver_main.cpp.o[0m
[9.171s] [ 59%] [32mBuilding CXX object CMakeFiles/tello_driver_main.dir/src/tello_driver_node.cpp.o[0m
[9.173s] [ 63%] [32mBuilding CXX object CMakeFiles/tello_driver_main.dir/src/command_socket.cpp.o[0m
[9.173s] [ 68%] [32mBuilding CXX object CMakeFiles/tello_driver_main.dir/src/state_socket.cpp.o[0m
[9.173s] [ 72%] [32mBuilding CXX object CMakeFiles/tello_driver_main.dir/src/video_socket.cpp.o[0m
[9.174s] [ 77%] [32mBuilding CXX object CMakeFiles/tello_driver_main.dir/h264decoder/h264decoder.cpp.o[0m
[10.584s] [ 81%] [32m[1mLinking CXX executable tello_emulator[0m
[10.882s] [ 81%] Built target tello_emulator
[16.560s] [ 86%] [32m[1mLinking CXX executable tello_joy_main[0m
[16.675s] [ 90%] [32m[1mLinking CXX shared library libtello_joy_node.so[0m
[16.900s] [ 90%] Built target tello_joy_main
[16.996s] [ 90%] Built target tello_joy_node
[18.078s] [ 95%] [32m[1mLinking CXX shared library libtello_driver_node.so[0m
[18.187s] [100%] [32m[1mLinking CXX executable tello_driver_main[0m
[18.668s] [100%] Built target tello_driver_node
[19.022s] [100%] Built target tello_driver_main
[19.030s] Invoked command in '/home/robinson/tello_ros_ws/build/tello_driver' returned '0': AMENT_PREFIX_PATH=/home/robinson/tello_ros_ws/install/tello_msgs:/home/robinson/tello_ros_ws/install/ros2_shared:${AMENT_PREFIX_PATH} CMAKE_PREFIX_PATH=/home/robinson/tello_ros_ws/install/tello_msgs:/home/robinson/tello_ros_ws/install/ros2_shared:/opt/ros/galactic LD_LIBRARY_PATH=/home/robinson/tello_ros_ws/install/tello_msgs/lib:${LD_LIBRARY_PATH} PYTHONPATH=/home/robinson/tello_ros_ws/install/tello_msgs/lib/python3.8/site-packages:${PYTHONPATH} /usr/bin/cmake --build /home/robinson/tello_ros_ws/build/tello_driver -- -j20 -l20
[19.055s] Invoking command in '/home/robinson/tello_ros_ws/build/tello_driver': AMENT_PREFIX_PATH=/home/robinson/tello_ros_ws/install/tello_msgs:/home/robinson/tello_ros_ws/install/ros2_shared:${AMENT_PREFIX_PATH} CMAKE_PREFIX_PATH=/home/robinson/tello_ros_ws/install/tello_msgs:/home/robinson/tello_ros_ws/install/ros2_shared:/opt/ros/galactic LD_LIBRARY_PATH=/home/robinson/tello_ros_ws/install/tello_msgs/lib:${LD_LIBRARY_PATH} PYTHONPATH=/home/robinson/tello_ros_ws/install/tello_msgs/lib/python3.8/site-packages:${PYTHONPATH} /usr/bin/cmake --install /home/robinson/tello_ros_ws/build/tello_driver
[19.060s] -- Install configuration: ""
[19.060s] -- Execute custom install script
[19.061s] -- Symlinking: /home/robinson/tello_ros_ws/install/tello_driver/share/tello_driver/environment/library_path.sh
[19.067s] -- Symlinking: /home/robinson/tello_ros_ws/install/tello_driver/share/tello_driver/environment/library_path.dsv
[19.072s] -- Symlinking: /home/robinson/tello_ros_ws/install/tello_driver/lib/libtello_driver_node.so
[19.077s] -- Symlinking: /home/robinson/tello_ros_ws/install/tello_driver/lib/libtello_joy_node.so
[19.081s] -- Symlinking: /home/robinson/tello_ros_ws/install/tello_driver/lib/tello_driver/tello_driver_main
[19.087s] -- Symlinking: /home/robinson/tello_ros_ws/install/tello_driver/lib/tello_driver/tello_joy_main
[19.092s] -- Symlinking: /home/robinson/tello_ros_ws/install/tello_driver/lib/tello_driver/tello_emulator
[19.097s] -- Symlinking: /home/robinson/tello_ros_ws/install/tello_driver/share/tello_driver/cfg/camera_info.yaml
[19.102s] -- Symlinking: /home/robinson/tello_ros_ws/install/tello_driver/share/tello_driver/launch/emulator_launch.py
[19.107s] -- Symlinking: /home/robinson/tello_ros_ws/install/tello_driver/share/tello_driver/launch/emulators_launch.py
[19.111s] -- Symlinking: /home/robinson/tello_ros_ws/install/tello_driver/share/tello_driver/launch/ipsa_launch.py
[19.117s] -- Symlinking: /home/robinson/tello_ros_ws/install/tello_driver/share/tello_driver/launch/teleop_launch.py
[19.121s] -- Symlinking: /home/robinson/tello_ros_ws/install/tello_driver/share/ament_index/resource_index/package_run_dependencies/tello_driver
[19.127s] -- Symlinking: /home/robinson/tello_ros_ws/install/tello_driver/share/ament_index/resource_index/parent_prefix_path/tello_driver
[19.131s] -- Symlinking: /home/robinson/tello_ros_ws/install/tello_driver/share/tello_driver/environment/ament_prefix_path.sh
[19.136s] -- Symlinking: /home/robinson/tello_ros_ws/install/tello_driver/share/tello_driver/environment/ament_prefix_path.dsv
[19.141s] -- Symlinking: /home/robinson/tello_ros_ws/install/tello_driver/share/tello_driver/environment/path.sh
[19.146s] -- Symlinking: /home/robinson/tello_ros_ws/install/tello_driver/share/tello_driver/environment/path.dsv
[19.151s] -- Symlinking: /home/robinson/tello_ros_ws/install/tello_driver/share/tello_driver/local_setup.bash
[19.155s] -- Symlinking: /home/robinson/tello_ros_ws/install/tello_driver/share/tello_driver/local_setup.sh
[19.161s] -- Symlinking: /home/robinson/tello_ros_ws/install/tello_driver/share/tello_driver/local_setup.zsh
[19.166s] -- Symlinking: /home/robinson/tello_ros_ws/install/tello_driver/share/tello_driver/local_setup.dsv
[19.170s] -- Symlinking: /home/robinson/tello_ros_ws/install/tello_driver/share/tello_driver/package.dsv
[19.175s] -- Symlinking: /home/robinson/tello_ros_ws/install/tello_driver/share/ament_index/resource_index/packages/tello_driver
[19.180s] -- Symlinking: /home/robinson/tello_ros_ws/install/tello_driver/share/ament_index/resource_index/rclcpp_components/tello_driver
[19.186s] -- Symlinking: /home/robinson/tello_ros_ws/install/tello_driver/share/tello_driver/cmake/tello_driverConfig.cmake
[19.190s] -- Symlinking: /home/robinson/tello_ros_ws/install/tello_driver/share/tello_driver/cmake/tello_driverConfig-version.cmake
[19.195s] -- Symlinking: /home/robinson/tello_ros_ws/install/tello_driver/share/tello_driver/package.xml
[19.203s] Invoked command in '/home/robinson/tello_ros_ws/build/tello_driver' returned '0': AMENT_PREFIX_PATH=/home/robinson/tello_ros_ws/install/tello_msgs:/home/robinson/tello_ros_ws/install/ros2_shared:${AMENT_PREFIX_PATH} CMAKE_PREFIX_PATH=/home/robinson/tello_ros_ws/install/tello_msgs:/home/robinson/tello_ros_ws/install/ros2_shared:/opt/ros/galactic LD_LIBRARY_PATH=/home/robinson/tello_ros_ws/install/tello_msgs/lib:${LD_LIBRARY_PATH} PYTHONPATH=/home/robinson/tello_ros_ws/install/tello_msgs/lib/python3.8/site-packages:${PYTHONPATH} /usr/bin/cmake --install /home/robinson/tello_ros_ws/build/tello_driver
