[0.041s] Invoking command in '/home/robinson/tello_ros_ws/build/tello_description': CMAKE_PREFIX_PATH=/opt/ros/galactic /usr/bin/cmake --build /home/robinson/tello_ros_ws/build/tello_description -- -j20 -l20
[0.181s] [ 11%] Built target generate_urdf_6
[0.185s] [ 22%] Built target generate_urdf
[0.191s] [ 33%] Built target generate_urdf_1
[0.198s] [ 44%] Built target generate_urdf_3
[0.200s] [ 55%] Built target generate_urdf_2
[0.203s] [ 66%] Built target generate_urdf_8
[0.207s] [ 77%] Built target generate_urdf_4
[0.208s] [ 88%] Built target generate_urdf_7
[0.212s] [100%] Built target generate_urdf_5
[0.233s] Invoked command in '/home/robinson/tello_ros_ws/build/tello_description' returned '0': CMAKE_PREFIX_PATH=/opt/ros/galactic /usr/bin/cmake --build /home/robinson/tello_ros_ws/build/tello_description -- -j20 -l20
[0.272s] Invoking command in '/home/robinson/tello_ros_ws/build/tello_description': CMAKE_PREFIX_PATH=/opt/ros/galactic /usr/bin/cmake --install /home/robinson/tello_ros_ws/build/tello_description
[0.283s] -- Install configuration: ""
[0.284s] -- Execute custom install script
[0.288s] -- Up-to-date symlink: /home/robinson/tello_ros_ws/install/tello_description/share/tello_description/urdf/tello.urdf
[0.289s] -- Up-to-date symlink: /home/robinson/tello_ros_ws/install/tello_description/share/tello_description/urdf/tello_1.urdf
[0.289s] -- Up-to-date symlink: /home/robinson/tello_ros_ws/install/tello_description/share/tello_description/urdf/tello_2.urdf
[0.290s] -- Up-to-date symlink: /home/robinson/tello_ros_ws/install/tello_description/share/tello_description/urdf/tello_3.urdf
[0.290s] -- Up-to-date symlink: /home/robinson/tello_ros_ws/install/tello_description/share/tello_description/urdf/tello_4.urdf
[0.290s] -- Up-to-date symlink: /home/robinson/tello_ros_ws/install/tello_description/share/tello_description/urdf/tello_5.urdf
[0.291s] -- Up-to-date symlink: /home/robinson/tello_ros_ws/install/tello_description/share/tello_description/urdf/tello_6.urdf
[0.291s] -- Up-to-date symlink: /home/robinson/tello_ros_ws/install/tello_description/share/tello_description/urdf/tello_7.urdf
[0.291s] -- Up-to-date symlink: /home/robinson/tello_ros_ws/install/tello_description/share/tello_description/urdf/tello_8.urdf
[0.294s] -- Up-to-date symlink: /home/robinson/tello_ros_ws/install/tello_description/share/ament_index/resource_index/package_run_dependencies/tello_description
[0.295s] -- Up-to-date symlink: /home/robinson/tello_ros_ws/install/tello_description/share/ament_index/resource_index/parent_prefix_path/tello_description
[0.295s] -- Up-to-date symlink: /home/robinson/tello_ros_ws/install/tello_description/share/tello_description/environment/ament_prefix_path.sh
[0.296s] -- Up-to-date symlink: /home/robinson/tello_ros_ws/install/tello_description/share/tello_description/environment/ament_prefix_path.dsv
[0.296s] -- Up-to-date symlink: /home/robinson/tello_ros_ws/install/tello_description/share/tello_description/environment/path.sh
[0.296s] -- Up-to-date symlink: /home/robinson/tello_ros_ws/install/tello_description/share/tello_description/environment/path.dsv
[0.297s] -- Up-to-date symlink: /home/robinson/tello_ros_ws/install/tello_description/share/tello_description/local_setup.bash
[0.298s] -- Up-to-date symlink: /home/robinson/tello_ros_ws/install/tello_description/share/tello_description/local_setup.sh
[0.299s] -- Up-to-date symlink: /home/robinson/tello_ros_ws/install/tello_description/share/tello_description/local_setup.zsh
[0.300s] -- Up-to-date symlink: /home/robinson/tello_ros_ws/install/tello_description/share/tello_description/local_setup.dsv
[0.300s] -- Symlinking: /home/robinson/tello_ros_ws/install/tello_description/share/tello_description/package.dsv
[0.313s] -- Up-to-date symlink: /home/robinson/tello_ros_ws/install/tello_description/share/ament_index/resource_index/packages/tello_description
[0.313s] -- Up-to-date symlink: /home/robinson/tello_ros_ws/install/tello_description/share/tello_description/cmake/tello_descriptionConfig.cmake
[0.314s] -- Up-to-date symlink: /home/robinson/tello_ros_ws/install/tello_description/share/tello_description/cmake/tello_descriptionConfig-version.cmake
[0.315s] -- Up-to-date symlink: /home/robinson/tello_ros_ws/install/tello_description/share/tello_description/package.xml
[0.325s] Invoked command in '/home/robinson/tello_ros_ws/build/tello_description' returned '0': CMAKE_PREFIX_PATH=/opt/ros/galactic /usr/bin/cmake --install /home/robinson/tello_ros_ws/build/tello_description
