[0.018s] Invoking command in '/home/robinson/tello_ros_ws/build/tello_msgs': CMAKE_PREFIX_PATH=/opt/ros/galactic /usr/bin/cmake /home/robinson/tello_ros_ws/src/tello_ros/tello_msgs -DAMENT_CMAKE_SYMLINK_INSTALL=1 -DCMAKE_INSTALL_PREFIX=/home/robinson/tello_ros_ws/install/tello_msgs
[0.143s] -- The C compiler identification is GNU 9.4.0
[0.335s] -- The CXX compiler identification is GNU 9.4.0
[0.417s] -- Check for working C compiler: /usr/bin/cc
[0.529s] -- Check for working C compiler: /usr/bin/cc -- works
[0.530s] -- Detecting C compiler ABI info
[0.637s] -- Detecting C compiler ABI info - done
[0.644s] -- Detecting C compile features
[0.644s] -- Detecting C compile features - done
[0.646s] -- Check for working CXX compiler: /usr/bin/c++
[0.757s] -- Check for working CXX compiler: /usr/bin/c++ -- works
[0.758s] -- Detecting CXX compiler ABI info
[0.867s] -- Detecting CXX compiler ABI info - done
[0.874s] -- Detecting CXX compile features
[0.874s] -- Detecting CXX compile features - done
[0.876s] -- Found ament_cmake: 1.1.5 (/opt/ros/galactic/share/ament_cmake/cmake)
[1.035s] -- Found PythonInterp: /home/robinson/.pyenv/shims/python3 (found suitable version "3.8.10", minimum required is "3") 
[1.035s] -- Using PYTHON_EXECUTABLE: /home/robinson/.pyenv/shims/python3
[1.212s] -- Override CMake install command with custom implementation using symlinks instead of copying resources
[1.224s] -- Found rosidl_default_generators: 1.1.1 (/opt/ros/galactic/share/rosidl_default_generators/cmake)
[1.225s] -- Using all available rosidl_typesupport_c: rosidl_typesupport_fastrtps_c;rosidl_typesupport_introspection_c
[1.229s] -- Found rosidl_adapter: 2.2.2 (/opt/ros/galactic/share/rosidl_adapter/cmake)
[2.616s] -- Found OpenSSL: /usr/lib/x86_64-linux-gnu/libcrypto.so (found version "1.1.1f")  
[3.779s] -- Found FastRTPS: /opt/ros/galactic/include  
[5.990s] -- Using all available rosidl_typesupport_cpp: rosidl_typesupport_fastrtps_cpp;rosidl_typesupport_introspection_cpp
[6.008s] -- Found std_msgs: 2.2.4 (/opt/ros/galactic/share/std_msgs/cmake)
[6.231s] -- Found PythonInterp: /home/robinson/.pyenv/shims/python3 (found version "3.8.10") 
[6.796s] -- Found ament_cmake_ros: 0.9.2 (/opt/ros/galactic/share/ament_cmake_ros/cmake)
[11.254s] -- Using all available rosidl_typesupport_c: rosidl_typesupport_fastrtps_c;rosidl_typesupport_introspection_c
[11.288s] -- Using all available rosidl_typesupport_cpp: rosidl_typesupport_fastrtps_cpp;rosidl_typesupport_introspection_cpp
[11.492s] -- Found PythonInterp: /home/robinson/.pyenv/shims/python3 (found suitable version "3.8.10", minimum required is "3.5") 
[11.492s] -- Found python_cmake_module: 0.8.1 (/opt/ros/galactic/share/python_cmake_module/cmake)
[12.259s] -- Found PythonLibs: /usr/lib/x86_64-linux-gnu/libpython3.8.so (found suitable version "3.8.10", minimum required is "3.5") 
[12.259s] -- Using PYTHON_EXECUTABLE: /home/robinson/.pyenv/shims/python3
[12.259s] -- Using PYTHON_INCLUDE_DIRS: /usr/include/python3.8
[12.259s] -- Using PYTHON_LIBRARIES: /usr/lib/x86_64-linux-gnu/libpython3.8.so
[12.479s] -- Found PythonExtra: .so  
[12.792s] -- Configuring done
[12.827s] -- Generating done
[12.829s] -- Build files have been written to: /home/robinson/tello_ros_ws/build/tello_msgs
[12.835s] Invoked command in '/home/robinson/tello_ros_ws/build/tello_msgs' returned '0': CMAKE_PREFIX_PATH=/opt/ros/galactic /usr/bin/cmake /home/robinson/tello_ros_ws/src/tello_ros/tello_msgs -DAMENT_CMAKE_SYMLINK_INSTALL=1 -DCMAKE_INSTALL_PREFIX=/home/robinson/tello_ros_ws/install/tello_msgs
[12.837s] Invoking command in '/home/robinson/tello_ros_ws/build/tello_msgs': CMAKE_PREFIX_PATH=/opt/ros/galactic /usr/bin/cmake --build /home/robinson/tello_ros_ws/build/tello_msgs -- -j20 -l20
[12.859s] [35m[1mScanning dependencies of target tello_msgs__cpp[0m
[12.859s] [  2%] [34m[1mGenerating C code for ROS interfaces[0m
[12.866s] [  4%] [34m[1mGenerating C++ code for ROS interfaces[0m
[13.386s] [  4%] Built target tello_msgs__cpp
[13.392s] [  8%] [34m[1mGenerating C++ type support dispatch for ROS interfaces[0m
[13.393s] [  8%] [34m[1mGenerating C++ type support for eProsima Fast-RTPS[0m
[13.393s] [35m[1mScanning dependencies of target tello_msgs__rosidl_generator_c[0m
[13.393s] [ 10%] [34m[1mGenerating C++ introspection for ROS interfaces[0m
[13.400s] [ 14%] [32mBuilding C object CMakeFiles/tello_msgs__rosidl_generator_c.dir/rosidl_generator_c/tello_msgs/srv/detail/tello_action__functions.c.o[0m
[13.400s] [ 14%] [32mBuilding C object CMakeFiles/tello_msgs__rosidl_generator_c.dir/rosidl_generator_c/tello_msgs/msg/detail/tello_response__functions.c.o[0m
[13.400s] [ 17%] [32mBuilding C object CMakeFiles/tello_msgs__rosidl_generator_c.dir/rosidl_generator_c/tello_msgs/msg/detail/flight_data__functions.c.o[0m
[13.431s] [ 19%] [32m[1mLinking C shared library libtello_msgs__rosidl_generator_c.so[0m
[13.535s] [ 19%] Built target tello_msgs__rosidl_generator_c
[13.541s] [ 23%] [34m[1mGenerating C introspection for ROS interfaces[0m
[13.541s] [ 23%] [34m[1mGenerating C type support dispatch for ROS interfaces[0m
[13.893s] [35m[1mScanning dependencies of target tello_msgs__rosidl_typesupport_introspection_cpp[0m
[13.903s] [ 25%] [32mBuilding CXX object CMakeFiles/tello_msgs__rosidl_typesupport_introspection_cpp.dir/rosidl_typesupport_introspection_cpp/tello_msgs/msg/detail/flight_data__type_support.cpp.o[0m
[13.903s] [ 27%] [32mBuilding CXX object CMakeFiles/tello_msgs__rosidl_typesupport_introspection_cpp.dir/rosidl_typesupport_introspection_cpp/tello_msgs/srv/detail/tello_action__type_support.cpp.o[0m
[13.903s] [ 29%] [32mBuilding CXX object CMakeFiles/tello_msgs__rosidl_typesupport_introspection_cpp.dir/rosidl_typesupport_introspection_cpp/tello_msgs/msg/detail/tello_response__type_support.cpp.o[0m
[13.948s] [35m[1mScanning dependencies of target tello_msgs__rosidl_typesupport_cpp[0m
[13.958s] [ 31%] [32mBuilding CXX object CMakeFiles/tello_msgs__rosidl_typesupport_cpp.dir/rosidl_typesupport_cpp/tello_msgs/msg/tello_response__type_support.cpp.o[0m
[13.958s] [ 34%] [32mBuilding CXX object CMakeFiles/tello_msgs__rosidl_typesupport_cpp.dir/rosidl_typesupport_cpp/tello_msgs/msg/flight_data__type_support.cpp.o[0m
[13.958s] [ 36%] [32mBuilding CXX object CMakeFiles/tello_msgs__rosidl_typesupport_cpp.dir/rosidl_typesupport_cpp/tello_msgs/srv/tello_action__type_support.cpp.o[0m
[13.988s] [35m[1mScanning dependencies of target tello_msgs__rosidl_typesupport_fastrtps_cpp[0m
[14.000s] [ 38%] [32mBuilding CXX object CMakeFiles/tello_msgs__rosidl_typesupport_fastrtps_cpp.dir/rosidl_typesupport_fastrtps_cpp/tello_msgs/msg/detail/dds_fastrtps/tello_response__type_support.cpp.o[0m
[14.000s] [ 40%] [32mBuilding CXX object CMakeFiles/tello_msgs__rosidl_typesupport_fastrtps_cpp.dir/rosidl_typesupport_fastrtps_cpp/tello_msgs/srv/detail/dds_fastrtps/tello_action__type_support.cpp.o[0m
[14.001s] [ 42%] [32mBuilding CXX object CMakeFiles/tello_msgs__rosidl_typesupport_fastrtps_cpp.dir/rosidl_typesupport_fastrtps_cpp/tello_msgs/msg/detail/dds_fastrtps/flight_data__type_support.cpp.o[0m
[14.052s] [35m[1mScanning dependencies of target tello_msgs__rosidl_typesupport_c[0m
[14.063s] [ 44%] [32mBuilding CXX object CMakeFiles/tello_msgs__rosidl_typesupport_c.dir/rosidl_typesupport_c/tello_msgs/msg/tello_response__type_support.cpp.o[0m
[14.063s] [ 46%] [32mBuilding CXX object CMakeFiles/tello_msgs__rosidl_typesupport_c.dir/rosidl_typesupport_c/tello_msgs/srv/tello_action__type_support.cpp.o[0m
[14.064s] [ 48%] [32mBuilding CXX object CMakeFiles/tello_msgs__rosidl_typesupport_c.dir/rosidl_typesupport_c/tello_msgs/msg/flight_data__type_support.cpp.o[0m
[14.078s] [35m[1mScanning dependencies of target tello_msgs__rosidl_typesupport_introspection_c[0m
[14.091s] [ 51%] [32mBuilding C object CMakeFiles/tello_msgs__rosidl_typesupport_introspection_c.dir/rosidl_typesupport_introspection_c/tello_msgs/msg/detail/tello_response__type_support.c.o[0m
[14.091s] [ 53%] [32mBuilding C object CMakeFiles/tello_msgs__rosidl_typesupport_introspection_c.dir/rosidl_typesupport_introspection_c/tello_msgs/srv/detail/tello_action__type_support.c.o[0m
[14.092s] [ 55%] [32mBuilding C object CMakeFiles/tello_msgs__rosidl_typesupport_introspection_c.dir/rosidl_typesupport_introspection_c/tello_msgs/msg/detail/flight_data__type_support.c.o[0m
[14.098s] [ 57%] [32m[1mLinking CXX shared library libtello_msgs__rosidl_typesupport_c.so[0m
[14.128s] [ 59%] [32m[1mLinking C shared library libtello_msgs__rosidl_typesupport_introspection_c.so[0m
[14.181s] [ 61%] [32m[1mLinking CXX shared library libtello_msgs__rosidl_typesupport_introspection_cpp.so[0m
[14.195s] [ 63%] [32m[1mLinking CXX shared library libtello_msgs__rosidl_typesupport_cpp.so[0m
[14.283s] [ 63%] Built target tello_msgs__rosidl_typesupport_c
[14.330s] [ 63%] Built target tello_msgs__rosidl_typesupport_introspection_c
[14.330s] [ 65%] [32m[1mLinking CXX shared library libtello_msgs__rosidl_typesupport_fastrtps_cpp.so[0m
[14.351s] [ 65%] Built target tello_msgs__rosidl_typesupport_cpp
[14.356s] [ 65%] Built target tello_msgs__rosidl_typesupport_introspection_cpp
[14.482s] [ 65%] Built target tello_msgs__rosidl_typesupport_fastrtps_cpp
[14.488s] [ 68%] [34m[1mGenerating C type support for eProsima Fast-RTPS[0m
[15.046s] [35m[1mScanning dependencies of target tello_msgs__rosidl_typesupport_fastrtps_c[0m
[15.057s] [ 70%] [32mBuilding CXX object CMakeFiles/tello_msgs__rosidl_typesupport_fastrtps_c.dir/rosidl_typesupport_fastrtps_c/tello_msgs/msg/detail/flight_data__type_support_c.cpp.o[0m
[15.057s] [ 72%] [32mBuilding CXX object CMakeFiles/tello_msgs__rosidl_typesupport_fastrtps_c.dir/rosidl_typesupport_fastrtps_c/tello_msgs/srv/detail/tello_action__type_support_c.cpp.o[0m
[15.057s] [ 74%] [32mBuilding CXX object CMakeFiles/tello_msgs__rosidl_typesupport_fastrtps_c.dir/rosidl_typesupport_fastrtps_c/tello_msgs/msg/detail/tello_response__type_support_c.cpp.o[0m
[15.258s] [ 76%] [32m[1mLinking CXX shared library libtello_msgs__rosidl_typesupport_fastrtps_c.so[0m
[15.408s] [ 76%] Built target tello_msgs__rosidl_typesupport_fastrtps_c
[15.413s] [35m[1mScanning dependencies of target tello_msgs[0m
[15.419s] [ 76%] Built target tello_msgs
[15.424s] [35m[1mScanning dependencies of target tello_msgs__py[0m
[15.430s] [ 78%] [34m[1mGenerating Python code for ROS interfaces[0m
[16.466s] [ 78%] Built target tello_msgs__py
[16.472s] [35m[1mScanning dependencies of target tello_msgs__python[0m
[16.484s] [ 85%] [32mBuilding C object CMakeFiles/tello_msgs__python.dir/rosidl_generator_py/tello_msgs/msg/_tello_response_s.c.o[0m
[16.484s] [ 85%] [32mBuilding C object CMakeFiles/tello_msgs__python.dir/rosidl_generator_py/tello_msgs/srv/_tello_action_s.c.o[0m
[16.484s] [ 85%] [32mBuilding C object CMakeFiles/tello_msgs__python.dir/rosidl_generator_py/tello_msgs/msg/_flight_data_s.c.o[0m
[16.543s] [ 87%] [32m[1mLinking C shared library rosidl_generator_py/tello_msgs/libtello_msgs__python.so[0m
[16.660s] [ 87%] Built target tello_msgs__python
[16.666s] [35m[1mScanning dependencies of target tello_msgs__rosidl_typesupport_c__pyext[0m
[16.666s] [35m[1mScanning dependencies of target tello_msgs__rosidl_typesupport_introspection_c__pyext[0m
[16.666s] [35m[1mScanning dependencies of target tello_msgs__rosidl_typesupport_fastrtps_c__pyext[0m
[16.676s] [ 91%] [32mBuilding C object CMakeFiles/tello_msgs__rosidl_typesupport_fastrtps_c__pyext.dir/rosidl_generator_py/tello_msgs/_tello_msgs_s.ep.rosidl_typesupport_fastrtps_c.c.o[0m
[16.676s] [ 91%] [32mBuilding C object CMakeFiles/tello_msgs__rosidl_typesupport_introspection_c__pyext.dir/rosidl_generator_py/tello_msgs/_tello_msgs_s.ep.rosidl_typesupport_introspection_c.c.o[0m
[16.678s] [ 93%] [32mBuilding C object CMakeFiles/tello_msgs__rosidl_typesupport_c__pyext.dir/rosidl_generator_py/tello_msgs/_tello_msgs_s.ep.rosidl_typesupport_c.c.o[0m
[16.726s] [ 97%] [32m[1mLinking C shared library rosidl_generator_py/tello_msgs/tello_msgs_s__rosidl_typesupport_introspection_c.cpython-38-x86_64-linux-gnu.so[0m
[16.726s] [ 97%] [32m[1mLinking CXX shared library rosidl_generator_py/tello_msgs/tello_msgs_s__rosidl_typesupport_fastrtps_c.cpython-38-x86_64-linux-gnu.so[0m
[16.727s] [100%] [32m[1mLinking C shared library rosidl_generator_py/tello_msgs/tello_msgs_s__rosidl_typesupport_c.cpython-38-x86_64-linux-gnu.so[0m
[16.820s] [100%] Built target tello_msgs__rosidl_typesupport_c__pyext
[16.820s] [100%] Built target tello_msgs__rosidl_typesupport_introspection_c__pyext
[16.837s] [100%] Built target tello_msgs__rosidl_typesupport_fastrtps_c__pyext
[16.845s] Invoked command in '/home/robinson/tello_ros_ws/build/tello_msgs' returned '0': CMAKE_PREFIX_PATH=/opt/ros/galactic /usr/bin/cmake --build /home/robinson/tello_ros_ws/build/tello_msgs -- -j20 -l20
[16.890s] Invoking command in '/home/robinson/tello_ros_ws/build/tello_msgs': CMAKE_PREFIX_PATH=/opt/ros/galactic /usr/bin/cmake --install /home/robinson/tello_ros_ws/build/tello_msgs
[16.894s] -- Install configuration: ""
[16.895s] -- Execute custom install script
[16.895s] -- Symlinking: /home/robinson/tello_ros_ws/install/tello_msgs/share/ament_index/resource_index/rosidl_interfaces/tello_msgs
[16.900s] -- Symlinking: /home/robinson/tello_ros_ws/install/tello_msgs/include/tello_msgs/msg/detail/flight_data__functions.h
[16.905s] -- Symlinking: /home/robinson/tello_ros_ws/install/tello_msgs/include/tello_msgs/msg/detail/flight_data__struct.h
[16.910s] -- Symlinking: /home/robinson/tello_ros_ws/install/tello_msgs/include/tello_msgs/msg/detail/flight_data__type_support.h
[16.915s] -- Symlinking: /home/robinson/tello_ros_ws/install/tello_msgs/include/tello_msgs/msg/detail/tello_response__functions.h
[16.920s] -- Symlinking: /home/robinson/tello_ros_ws/install/tello_msgs/include/tello_msgs/msg/detail/tello_response__struct.h
[16.925s] -- Symlinking: /home/robinson/tello_ros_ws/install/tello_msgs/include/tello_msgs/msg/detail/tello_response__type_support.h
[16.930s] -- Symlinking: /home/robinson/tello_ros_ws/install/tello_msgs/include/tello_msgs/msg/flight_data.h
[16.935s] -- Symlinking: /home/robinson/tello_ros_ws/install/tello_msgs/include/tello_msgs/msg/rosidl_generator_c__visibility_control.h
[16.939s] -- Symlinking: /home/robinson/tello_ros_ws/install/tello_msgs/include/tello_msgs/msg/tello_response.h
[16.944s] -- Symlinking: /home/robinson/tello_ros_ws/install/tello_msgs/include/tello_msgs/srv/detail/tello_action__functions.h
[16.949s] -- Symlinking: /home/robinson/tello_ros_ws/install/tello_msgs/include/tello_msgs/srv/detail/tello_action__struct.h
[16.954s] -- Symlinking: /home/robinson/tello_ros_ws/install/tello_msgs/include/tello_msgs/srv/detail/tello_action__type_support.h
[16.959s] -- Symlinking: /home/robinson/tello_ros_ws/install/tello_msgs/include/tello_msgs/srv/tello_action.h
[16.964s] -- Symlinking: /home/robinson/tello_ros_ws/install/tello_msgs/share/tello_msgs/environment/library_path.sh
[16.968s] -- Symlinking: /home/robinson/tello_ros_ws/install/tello_msgs/share/tello_msgs/environment/library_path.dsv
[16.973s] -- Symlinking: /home/robinson/tello_ros_ws/install/tello_msgs/include/tello_msgs/msg/detail/flight_data__rosidl_typesupport_fastrtps_c.h
[16.978s] -- Symlinking: /home/robinson/tello_ros_ws/install/tello_msgs/include/tello_msgs/msg/detail/tello_response__rosidl_typesupport_fastrtps_c.h
[16.983s] -- Symlinking: /home/robinson/tello_ros_ws/install/tello_msgs/include/tello_msgs/msg/rosidl_typesupport_fastrtps_c__visibility_control.h
[16.988s] -- Symlinking: /home/robinson/tello_ros_ws/install/tello_msgs/include/tello_msgs/srv/detail/tello_action__rosidl_typesupport_fastrtps_c.h
[16.993s] -- Symlinking: /home/robinson/tello_ros_ws/install/tello_msgs/lib/libtello_msgs__rosidl_typesupport_fastrtps_c.so
[16.997s] -- Symlinking: /home/robinson/tello_ros_ws/install/tello_msgs/include/tello_msgs/msg/detail/flight_data__rosidl_typesupport_fastrtps_cpp.hpp
[17.002s] -- Symlinking: /home/robinson/tello_ros_ws/install/tello_msgs/include/tello_msgs/msg/detail/tello_response__rosidl_typesupport_fastrtps_cpp.hpp
[17.007s] -- Symlinking: /home/robinson/tello_ros_ws/install/tello_msgs/include/tello_msgs/msg/rosidl_typesupport_fastrtps_cpp__visibility_control.h
[17.012s] -- Symlinking: /home/robinson/tello_ros_ws/install/tello_msgs/include/tello_msgs/srv/detail/tello_action__rosidl_typesupport_fastrtps_cpp.hpp
[17.017s] -- Symlinking: /home/robinson/tello_ros_ws/install/tello_msgs/lib/libtello_msgs__rosidl_typesupport_fastrtps_cpp.so
[17.022s] -- Symlinking: /home/robinson/tello_ros_ws/install/tello_msgs/include/tello_msgs/msg/detail/flight_data__rosidl_typesupport_introspection_c.h
[17.027s] -- Symlinking: /home/robinson/tello_ros_ws/install/tello_msgs/include/tello_msgs/msg/detail/tello_response__rosidl_typesupport_introspection_c.h
[17.032s] -- Symlinking: /home/robinson/tello_ros_ws/install/tello_msgs/include/tello_msgs/msg/rosidl_typesupport_introspection_c__visibility_control.h
[17.037s] -- Symlinking: /home/robinson/tello_ros_ws/install/tello_msgs/include/tello_msgs/srv/detail/tello_action__rosidl_typesupport_introspection_c.h
[17.042s] -- Symlinking: /home/robinson/tello_ros_ws/install/tello_msgs/include/tello_msgs/msg/detail/flight_data__builder.hpp
[17.047s] -- Symlinking: /home/robinson/tello_ros_ws/install/tello_msgs/include/tello_msgs/msg/detail/flight_data__struct.hpp
[17.051s] -- Symlinking: /home/robinson/tello_ros_ws/install/tello_msgs/include/tello_msgs/msg/detail/flight_data__traits.hpp
[17.056s] -- Symlinking: /home/robinson/tello_ros_ws/install/tello_msgs/include/tello_msgs/msg/detail/tello_response__builder.hpp
[17.061s] -- Symlinking: /home/robinson/tello_ros_ws/install/tello_msgs/include/tello_msgs/msg/detail/tello_response__struct.hpp
[17.066s] -- Symlinking: /home/robinson/tello_ros_ws/install/tello_msgs/include/tello_msgs/msg/detail/tello_response__traits.hpp
[17.071s] -- Symlinking: /home/robinson/tello_ros_ws/install/tello_msgs/include/tello_msgs/msg/flight_data.hpp
[17.076s] -- Symlinking: /home/robinson/tello_ros_ws/install/tello_msgs/include/tello_msgs/msg/tello_response.hpp
[17.081s] -- Symlinking: /home/robinson/tello_ros_ws/install/tello_msgs/include/tello_msgs/srv/detail/tello_action__builder.hpp
[17.085s] -- Symlinking: /home/robinson/tello_ros_ws/install/tello_msgs/include/tello_msgs/srv/detail/tello_action__struct.hpp
[17.090s] -- Symlinking: /home/robinson/tello_ros_ws/install/tello_msgs/include/tello_msgs/srv/detail/tello_action__traits.hpp
[17.095s] -- Symlinking: /home/robinson/tello_ros_ws/install/tello_msgs/include/tello_msgs/srv/tello_action.hpp
[17.099s] -- Symlinking: /home/robinson/tello_ros_ws/install/tello_msgs/include/tello_msgs/msg/detail/flight_data__rosidl_typesupport_introspection_cpp.hpp
[17.104s] -- Symlinking: /home/robinson/tello_ros_ws/install/tello_msgs/include/tello_msgs/msg/detail/tello_response__rosidl_typesupport_introspection_cpp.hpp
[17.109s] -- Symlinking: /home/robinson/tello_ros_ws/install/tello_msgs/include/tello_msgs/srv/detail/tello_action__rosidl_typesupport_introspection_cpp.hpp
[17.114s] -- Symlinking: /home/robinson/tello_ros_ws/install/tello_msgs/share/tello_msgs/environment/pythonpath.sh
[17.119s] -- Symlinking: /home/robinson/tello_ros_ws/install/tello_msgs/share/tello_msgs/environment/pythonpath.dsv
[17.124s] -- Symlinking: /home/robinson/tello_ros_ws/install/tello_msgs/lib/python3.8/site-packages/tello_msgs/__init__.py
[17.130s] -- Symlinking: /home/robinson/tello_ros_ws/install/tello_msgs/lib/python3.8/site-packages/tello_msgs/msg/__init__.py
[17.134s] -- Symlinking: /home/robinson/tello_ros_ws/install/tello_msgs/lib/python3.8/site-packages/tello_msgs/msg/_flight_data.py
[17.139s] -- Symlinking: /home/robinson/tello_ros_ws/install/tello_msgs/lib/python3.8/site-packages/tello_msgs/msg/_tello_response.py
[17.144s] -- Symlinking: /home/robinson/tello_ros_ws/install/tello_msgs/lib/python3.8/site-packages/tello_msgs/srv/__init__.py
[17.149s] -- Symlinking: /home/robinson/tello_ros_ws/install/tello_msgs/lib/python3.8/site-packages/tello_msgs/srv/_tello_action.py
[17.154s] -- Symlinking: /home/robinson/tello_ros_ws/install/tello_msgs/lib/python3.8/site-packages/tello_msgs/tello_msgs_s__rosidl_typesupport_fastrtps_c.cpython-38-x86_64-linux-gnu.so
[17.160s] -- Symlinking: /home/robinson/tello_ros_ws/install/tello_msgs/lib/python3.8/site-packages/tello_msgs/tello_msgs_s__rosidl_typesupport_introspection_c.cpython-38-x86_64-linux-gnu.so
[17.164s] -- Symlinking: /home/robinson/tello_ros_ws/install/tello_msgs/lib/python3.8/site-packages/tello_msgs/tello_msgs_s__rosidl_typesupport_c.cpython-38-x86_64-linux-gnu.so
[17.170s] -- Symlinking: /home/robinson/tello_ros_ws/install/tello_msgs/lib/libtello_msgs__python.so
[17.174s] -- Symlinking: /home/robinson/tello_ros_ws/install/tello_msgs/share/tello_msgs/msg/FlightData.idl
[17.179s] -- Symlinking: /home/robinson/tello_ros_ws/install/tello_msgs/share/tello_msgs/msg/TelloResponse.idl
[17.184s] -- Symlinking: /home/robinson/tello_ros_ws/install/tello_msgs/share/tello_msgs/srv/TelloAction.idl
[17.189s] -- Symlinking: /home/robinson/tello_ros_ws/install/tello_msgs/share/tello_msgs/msg/FlightData.msg
[17.193s] -- Symlinking: /home/robinson/tello_ros_ws/install/tello_msgs/share/tello_msgs/msg/TelloResponse.msg
[17.198s] -- Symlinking: /home/robinson/tello_ros_ws/install/tello_msgs/share/tello_msgs/srv/TelloAction.srv
[17.203s] -- Symlinking: /home/robinson/tello_ros_ws/install/tello_msgs/share/tello_msgs/srv/TelloAction_Request.msg
[17.208s] -- Symlinking: /home/robinson/tello_ros_ws/install/tello_msgs/share/tello_msgs/srv/TelloAction_Response.msg
[17.213s] -- Symlinking: /home/robinson/tello_ros_ws/install/tello_msgs/share/ament_index/resource_index/package_run_dependencies/tello_msgs
[17.219s] -- Symlinking: /home/robinson/tello_ros_ws/install/tello_msgs/share/ament_index/resource_index/parent_prefix_path/tello_msgs
[17.223s] -- Symlinking: /home/robinson/tello_ros_ws/install/tello_msgs/share/tello_msgs/environment/ament_prefix_path.sh
[17.228s] -- Symlinking: /home/robinson/tello_ros_ws/install/tello_msgs/share/tello_msgs/environment/ament_prefix_path.dsv
[17.233s] -- Symlinking: /home/robinson/tello_ros_ws/install/tello_msgs/share/tello_msgs/environment/path.sh
[17.238s] -- Symlinking: /home/robinson/tello_ros_ws/install/tello_msgs/share/tello_msgs/environment/path.dsv
[17.243s] -- Symlinking: /home/robinson/tello_ros_ws/install/tello_msgs/share/tello_msgs/local_setup.bash
[17.248s] -- Symlinking: /home/robinson/tello_ros_ws/install/tello_msgs/share/tello_msgs/local_setup.sh
[17.253s] -- Symlinking: /home/robinson/tello_ros_ws/install/tello_msgs/share/tello_msgs/local_setup.zsh
[17.258s] -- Symlinking: /home/robinson/tello_ros_ws/install/tello_msgs/share/tello_msgs/local_setup.dsv
[17.263s] -- Symlinking: /home/robinson/tello_ros_ws/install/tello_msgs/share/tello_msgs/package.dsv
[17.268s] -- Symlinking: /home/robinson/tello_ros_ws/install/tello_msgs/share/ament_index/resource_index/packages/tello_msgs
[17.273s] -- Symlinking: /home/robinson/tello_ros_ws/install/tello_msgs/share/tello_msgs/cmake/rosidl_cmake-extras.cmake
[17.279s] -- Symlinking: /home/robinson/tello_ros_ws/install/tello_msgs/share/tello_msgs/cmake/ament_cmake_export_dependencies-extras.cmake
[17.283s] -- Symlinking: /home/robinson/tello_ros_ws/install/tello_msgs/share/tello_msgs/cmake/ament_cmake_export_libraries-extras.cmake
[17.288s] -- Symlinking: /home/robinson/tello_ros_ws/install/tello_msgs/share/tello_msgs/cmake/ament_cmake_export_targets-extras.cmake
[17.293s] -- Symlinking: /home/robinson/tello_ros_ws/install/tello_msgs/share/tello_msgs/cmake/ament_cmake_export_include_directories-extras.cmake
[17.298s] -- Symlinking: /home/robinson/tello_ros_ws/install/tello_msgs/share/tello_msgs/cmake/rosidl_cmake_export_typesupport_libraries-extras.cmake
[17.303s] -- Symlinking: /home/robinson/tello_ros_ws/install/tello_msgs/share/tello_msgs/cmake/rosidl_cmake_export_typesupport_targets-extras.cmake
[17.309s] -- Symlinking: /home/robinson/tello_ros_ws/install/tello_msgs/share/tello_msgs/cmake/tello_msgsConfig.cmake
[17.314s] -- Symlinking: /home/robinson/tello_ros_ws/install/tello_msgs/share/tello_msgs/cmake/tello_msgsConfig-version.cmake
[17.319s] -- Symlinking: /home/robinson/tello_ros_ws/install/tello_msgs/share/tello_msgs/package.xml
[17.324s] -- Installing: /home/robinson/tello_ros_ws/install/tello_msgs/lib/libtello_msgs__rosidl_generator_c.so
[17.324s] -- Set runtime path of "/home/robinson/tello_ros_ws/install/tello_msgs/lib/libtello_msgs__rosidl_generator_c.so" to ""
[17.325s] -- Installing: /home/robinson/tello_ros_ws/install/tello_msgs/lib/libtello_msgs__rosidl_typesupport_introspection_c.so
[17.325s] -- Set runtime path of "/home/robinson/tello_ros_ws/install/tello_msgs/lib/libtello_msgs__rosidl_typesupport_introspection_c.so" to ""
[17.325s] -- Installing: /home/robinson/tello_ros_ws/install/tello_msgs/lib/libtello_msgs__rosidl_typesupport_c.so
[17.325s] -- Set runtime path of "/home/robinson/tello_ros_ws/install/tello_msgs/lib/libtello_msgs__rosidl_typesupport_c.so" to ""
[17.325s] -- Installing: /home/robinson/tello_ros_ws/install/tello_msgs/lib/libtello_msgs__rosidl_typesupport_introspection_cpp.so
[17.325s] -- Set runtime path of "/home/robinson/tello_ros_ws/install/tello_msgs/lib/libtello_msgs__rosidl_typesupport_introspection_cpp.so" to ""
[17.325s] -- Installing: /home/robinson/tello_ros_ws/install/tello_msgs/lib/libtello_msgs__rosidl_typesupport_cpp.so
[17.325s] -- Set runtime path of "/home/robinson/tello_ros_ws/install/tello_msgs/lib/libtello_msgs__rosidl_typesupport_cpp.so" to ""
[17.593s] Compiling '/home/robinson/tello_ros_ws/install/tello_msgs/lib/python3.8/site-packages/tello_msgs/__init__.py'...
[17.595s] -- Installing: /home/robinson/tello_ros_ws/install/tello_msgs/share/tello_msgs/cmake/tello_msgs__rosidl_generator_cExport.cmake
[17.596s] -- Installing: /home/robinson/tello_ros_ws/install/tello_msgs/share/tello_msgs/cmake/tello_msgs__rosidl_generator_cExport-noconfig.cmake
[17.596s] -- Installing: /home/robinson/tello_ros_ws/install/tello_msgs/share/tello_msgs/cmake/tello_msgs__rosidl_typesupport_introspection_cExport.cmake
[17.596s] -- Installing: /home/robinson/tello_ros_ws/install/tello_msgs/share/tello_msgs/cmake/tello_msgs__rosidl_typesupport_introspection_cExport-noconfig.cmake
[17.596s] -- Installing: /home/robinson/tello_ros_ws/install/tello_msgs/share/tello_msgs/cmake/tello_msgs__rosidl_typesupport_cExport.cmake
[17.596s] -- Installing: /home/robinson/tello_ros_ws/install/tello_msgs/share/tello_msgs/cmake/tello_msgs__rosidl_typesupport_cExport-noconfig.cmake
[17.596s] -- Installing: /home/robinson/tello_ros_ws/install/tello_msgs/share/tello_msgs/cmake/tello_msgs__rosidl_generator_cppExport.cmake
[17.596s] -- Installing: /home/robinson/tello_ros_ws/install/tello_msgs/share/tello_msgs/cmake/tello_msgs__rosidl_typesupport_introspection_cppExport.cmake
[17.596s] -- Installing: /home/robinson/tello_ros_ws/install/tello_msgs/share/tello_msgs/cmake/tello_msgs__rosidl_typesupport_introspection_cppExport-noconfig.cmake
[17.596s] -- Installing: /home/robinson/tello_ros_ws/install/tello_msgs/share/tello_msgs/cmake/tello_msgs__rosidl_typesupport_cppExport.cmake
[17.596s] -- Installing: /home/robinson/tello_ros_ws/install/tello_msgs/share/tello_msgs/cmake/tello_msgs__rosidl_typesupport_cppExport-noconfig.cmake
[17.598s] Invoked command in '/home/robinson/tello_ros_ws/build/tello_msgs' returned '0': CMAKE_PREFIX_PATH=/opt/ros/galactic /usr/bin/cmake --install /home/robinson/tello_ros_ws/build/tello_msgs
