[0.226s] DEBUG:colcon:Command line arguments: ['/usr/bin/colcon', 'build', '--symlink-install']
[0.226s] DEBUG:colcon:Parsed command line arguments: Namespace(allow_overriding=[], ament_cmake_args=None, base_paths=['.'], build_base='build', catkin_cmake_args=None, catkin_skip_building_tests=False, cmake_args=None, cmake_clean_cache=False, cmake_clean_first=False, cmake_force_configure=False, cmake_target=None, cmake_target_skip_unavailable=False, continue_on_error=False, event_handlers=None, executor='parallel', ignore_user_meta=False, install_base='install', log_base=None, log_level=None, main=<bound method BuildVerb.main of <colcon_core.verb.build.BuildVerb object at 0x7f574c75ce50>>, merge_install=False, metas=['./colcon.meta'], packages_above=None, packages_above_and_dependencies=None, packages_above_depth=None, packages_end=None, packages_ignore=None, packages_ignore_regex=None, packages_select=None, packages_select_build_failed=False, packages_select_by_dep=None, packages_select_regex=None, packages_select_test_failures=False, packages_skip=None, packages_skip_build_finished=False, packages_skip_by_dep=None, packages_skip_regex=None, packages_skip_test_passed=False, packages_skip_up_to=None, packages_start=None, packages_up_to=None, packages_up_to_regex=None, parallel_workers=20, paths=None, symlink_install=True, test_result_base=None, verb_extension=<colcon_core.verb.build.BuildVerb object at 0x7f574c75ce50>, verb_name='build', verb_parser=<colcon_defaults.argument_parser.defaults.DefaultArgumentsDecorator object at 0x7f574c765400>)
[0.240s] Level 1:colcon.colcon_core.package_discovery:discover_packages(colcon_meta) check parameters
[0.240s] Level 1:colcon.colcon_core.package_discovery:discover_packages(recursive) check parameters
[0.240s] Level 1:colcon.colcon_core.package_discovery:discover_packages(ignore) check parameters
[0.240s] Level 1:colcon.colcon_core.package_discovery:discover_packages(path) check parameters
[0.240s] Level 1:colcon.colcon_core.package_discovery:discover_packages(colcon_meta) discover
[0.240s] Level 1:colcon.colcon_core.package_discovery:discover_packages(recursive) discover
[0.240s] INFO:colcon.colcon_core.package_discovery:Crawling recursively for packages in '/home/robinson/tello_ros_ws'
[0.240s] Level 1:colcon.colcon_core.package_identification:_identify(.) by extensions ['ignore', 'ignore_ament_install']
[0.241s] Level 1:colcon.colcon_core.package_identification:_identify(.) by extension 'ignore'
[0.241s] Level 1:colcon.colcon_core.package_identification:_identify(.) by extension 'ignore_ament_install'
[0.241s] Level 1:colcon.colcon_core.package_identification:_identify(.) by extensions ['colcon_pkg']
[0.241s] Level 1:colcon.colcon_core.package_identification:_identify(.) by extension 'colcon_pkg'
[0.241s] Level 1:colcon.colcon_core.package_identification:_identify(.) by extensions ['colcon_meta']
[0.241s] Level 1:colcon.colcon_core.package_identification:_identify(.) by extension 'colcon_meta'
[0.241s] Level 1:colcon.colcon_core.package_identification:_identify(.) by extensions ['ros']
[0.241s] Level 1:colcon.colcon_core.package_identification:_identify(.) by extension 'ros'
[0.268s] Level 1:colcon.colcon_core.package_identification:_identify(.) by extensions ['cmake', 'python']
[0.268s] Level 1:colcon.colcon_core.package_identification:_identify(.) by extension 'cmake'
[0.268s] Level 1:colcon.colcon_core.package_identification:_identify(.) by extension 'python'
[0.268s] Level 1:colcon.colcon_core.package_identification:_identify(.) by extensions ['python_setup_py']
[0.268s] Level 1:colcon.colcon_core.package_identification:_identify(.) by extension 'python_setup_py'
[0.268s] Level 1:colcon.colcon_core.package_identification:_identify(build) by extensions ['ignore', 'ignore_ament_install']
[0.268s] Level 1:colcon.colcon_core.package_identification:_identify(build) by extension 'ignore'
[0.268s] Level 1:colcon.colcon_core.package_identification:_identify(build) ignored
[0.268s] Level 1:colcon.colcon_core.package_identification:_identify(install) by extensions ['ignore', 'ignore_ament_install']
[0.268s] Level 1:colcon.colcon_core.package_identification:_identify(install) by extension 'ignore'
[0.268s] Level 1:colcon.colcon_core.package_identification:_identify(install) ignored
[0.268s] Level 1:colcon.colcon_core.package_identification:_identify(log) by extensions ['ignore', 'ignore_ament_install']
[0.268s] Level 1:colcon.colcon_core.package_identification:_identify(log) by extension 'ignore'
[0.268s] Level 1:colcon.colcon_core.package_identification:_identify(log) ignored
[0.268s] Level 1:colcon.colcon_core.package_identification:_identify(src) by extensions ['ignore', 'ignore_ament_install']
[0.268s] Level 1:colcon.colcon_core.package_identification:_identify(src) by extension 'ignore'
[0.269s] Level 1:colcon.colcon_core.package_identification:_identify(src) by extension 'ignore_ament_install'
[0.269s] Level 1:colcon.colcon_core.package_identification:_identify(src) by extensions ['colcon_pkg']
[0.269s] Level 1:colcon.colcon_core.package_identification:_identify(src) by extension 'colcon_pkg'
[0.269s] Level 1:colcon.colcon_core.package_identification:_identify(src) by extensions ['colcon_meta']
[0.269s] Level 1:colcon.colcon_core.package_identification:_identify(src) by extension 'colcon_meta'
[0.269s] Level 1:colcon.colcon_core.package_identification:_identify(src) by extensions ['ros']
[0.269s] Level 1:colcon.colcon_core.package_identification:_identify(src) by extension 'ros'
[0.269s] Level 1:colcon.colcon_core.package_identification:_identify(src) by extensions ['cmake', 'python']
[0.269s] Level 1:colcon.colcon_core.package_identification:_identify(src) by extension 'cmake'
[0.269s] Level 1:colcon.colcon_core.package_identification:_identify(src) by extension 'python'
[0.269s] Level 1:colcon.colcon_core.package_identification:_identify(src) by extensions ['python_setup_py']
[0.269s] Level 1:colcon.colcon_core.package_identification:_identify(src) by extension 'python_setup_py'
[0.269s] Level 1:colcon.colcon_core.package_identification:_identify(src/ros2_shared) by extensions ['ignore', 'ignore_ament_install']
[0.269s] Level 1:colcon.colcon_core.package_identification:_identify(src/ros2_shared) by extension 'ignore'
[0.269s] Level 1:colcon.colcon_core.package_identification:_identify(src/ros2_shared) by extension 'ignore_ament_install'
[0.269s] Level 1:colcon.colcon_core.package_identification:_identify(src/ros2_shared) by extensions ['colcon_pkg']
[0.269s] Level 1:colcon.colcon_core.package_identification:_identify(src/ros2_shared) by extension 'colcon_pkg'
[0.269s] Level 1:colcon.colcon_core.package_identification:_identify(src/ros2_shared) by extensions ['colcon_meta']
[0.269s] Level 1:colcon.colcon_core.package_identification:_identify(src/ros2_shared) by extension 'colcon_meta'
[0.269s] Level 1:colcon.colcon_core.package_identification:_identify(src/ros2_shared) by extensions ['ros']
[0.269s] Level 1:colcon.colcon_core.package_identification:_identify(src/ros2_shared) by extension 'ros'
[0.271s] DEBUG:colcon.colcon_core.package_identification:Package 'src/ros2_shared' with type 'ros.ament_cmake' and name 'ros2_shared'
[0.271s] Level 1:colcon.colcon_core.package_identification:_identify(src/tello_ros) by extensions ['ignore', 'ignore_ament_install']
[0.271s] Level 1:colcon.colcon_core.package_identification:_identify(src/tello_ros) by extension 'ignore'
[0.271s] Level 1:colcon.colcon_core.package_identification:_identify(src/tello_ros) by extension 'ignore_ament_install'
[0.271s] Level 1:colcon.colcon_core.package_identification:_identify(src/tello_ros) by extensions ['colcon_pkg']
[0.271s] Level 1:colcon.colcon_core.package_identification:_identify(src/tello_ros) by extension 'colcon_pkg'
[0.271s] Level 1:colcon.colcon_core.package_identification:_identify(src/tello_ros) by extensions ['colcon_meta']
[0.271s] Level 1:colcon.colcon_core.package_identification:_identify(src/tello_ros) by extension 'colcon_meta'
[0.271s] Level 1:colcon.colcon_core.package_identification:_identify(src/tello_ros) by extensions ['ros']
[0.271s] Level 1:colcon.colcon_core.package_identification:_identify(src/tello_ros) by extension 'ros'
[0.271s] Level 1:colcon.colcon_core.package_identification:_identify(src/tello_ros) by extensions ['cmake', 'python']
[0.271s] Level 1:colcon.colcon_core.package_identification:_identify(src/tello_ros) by extension 'cmake'
[0.271s] Level 1:colcon.colcon_core.package_identification:_identify(src/tello_ros) by extension 'python'
[0.271s] Level 1:colcon.colcon_core.package_identification:_identify(src/tello_ros) by extensions ['python_setup_py']
[0.272s] Level 1:colcon.colcon_core.package_identification:_identify(src/tello_ros) by extension 'python_setup_py'
[0.272s] Level 1:colcon.colcon_core.package_identification:_identify(src/tello_ros/docker) by extensions ['ignore', 'ignore_ament_install']
[0.272s] Level 1:colcon.colcon_core.package_identification:_identify(src/tello_ros/docker) by extension 'ignore'
[0.272s] Level 1:colcon.colcon_core.package_identification:_identify(src/tello_ros/docker) by extension 'ignore_ament_install'
[0.272s] Level 1:colcon.colcon_core.package_identification:_identify(src/tello_ros/docker) by extensions ['colcon_pkg']
[0.272s] Level 1:colcon.colcon_core.package_identification:_identify(src/tello_ros/docker) by extension 'colcon_pkg'
[0.272s] Level 1:colcon.colcon_core.package_identification:_identify(src/tello_ros/docker) by extensions ['colcon_meta']
[0.272s] Level 1:colcon.colcon_core.package_identification:_identify(src/tello_ros/docker) by extension 'colcon_meta'
[0.272s] Level 1:colcon.colcon_core.package_identification:_identify(src/tello_ros/docker) by extensions ['ros']
[0.272s] Level 1:colcon.colcon_core.package_identification:_identify(src/tello_ros/docker) by extension 'ros'
[0.272s] Level 1:colcon.colcon_core.package_identification:_identify(src/tello_ros/docker) by extensions ['cmake', 'python']
[0.272s] Level 1:colcon.colcon_core.package_identification:_identify(src/tello_ros/docker) by extension 'cmake'
[0.272s] Level 1:colcon.colcon_core.package_identification:_identify(src/tello_ros/docker) by extension 'python'
[0.272s] Level 1:colcon.colcon_core.package_identification:_identify(src/tello_ros/docker) by extensions ['python_setup_py']
[0.272s] Level 1:colcon.colcon_core.package_identification:_identify(src/tello_ros/docker) by extension 'python_setup_py'
[0.272s] Level 1:colcon.colcon_core.package_identification:_identify(src/tello_ros/tello_controller) by extensions ['ignore', 'ignore_ament_install']
[0.272s] Level 1:colcon.colcon_core.package_identification:_identify(src/tello_ros/tello_controller) by extension 'ignore'
[0.272s] Level 1:colcon.colcon_core.package_identification:_identify(src/tello_ros/tello_controller) by extension 'ignore_ament_install'
[0.272s] Level 1:colcon.colcon_core.package_identification:_identify(src/tello_ros/tello_controller) by extensions ['colcon_pkg']
[0.272s] Level 1:colcon.colcon_core.package_identification:_identify(src/tello_ros/tello_controller) by extension 'colcon_pkg'
[0.272s] Level 1:colcon.colcon_core.package_identification:_identify(src/tello_ros/tello_controller) by extensions ['colcon_meta']
[0.272s] Level 1:colcon.colcon_core.package_identification:_identify(src/tello_ros/tello_controller) by extension 'colcon_meta'
[0.272s] Level 1:colcon.colcon_core.package_identification:_identify(src/tello_ros/tello_controller) by extensions ['ros']
[0.272s] Level 1:colcon.colcon_core.package_identification:_identify(src/tello_ros/tello_controller) by extension 'ros'
[0.272s] Level 1:colcon.colcon_core.package_identification:_identify(src/tello_ros/tello_controller) by extensions ['cmake', 'python']
[0.272s] Level 1:colcon.colcon_core.package_identification:_identify(src/tello_ros/tello_controller) by extension 'cmake'
[0.272s] Level 1:colcon.colcon_core.package_identification:_identify(src/tello_ros/tello_controller) by extension 'python'
[0.272s] Level 1:colcon.colcon_core.package_identification:_identify(src/tello_ros/tello_controller) by extensions ['python_setup_py']
[0.272s] Level 1:colcon.colcon_core.package_identification:_identify(src/tello_ros/tello_controller) by extension 'python_setup_py'
[0.272s] Level 1:colcon.colcon_core.package_identification:_identify(src/tello_ros/tello_description) by extensions ['ignore', 'ignore_ament_install']
[0.272s] Level 1:colcon.colcon_core.package_identification:_identify(src/tello_ros/tello_description) by extension 'ignore'
[0.272s] Level 1:colcon.colcon_core.package_identification:_identify(src/tello_ros/tello_description) by extension 'ignore_ament_install'
[0.272s] Level 1:colcon.colcon_core.package_identification:_identify(src/tello_ros/tello_description) by extensions ['colcon_pkg']
[0.272s] Level 1:colcon.colcon_core.package_identification:_identify(src/tello_ros/tello_description) by extension 'colcon_pkg'
[0.272s] Level 1:colcon.colcon_core.package_identification:_identify(src/tello_ros/tello_description) by extensions ['colcon_meta']
[0.272s] Level 1:colcon.colcon_core.package_identification:_identify(src/tello_ros/tello_description) by extension 'colcon_meta'
[0.272s] Level 1:colcon.colcon_core.package_identification:_identify(src/tello_ros/tello_description) by extensions ['ros']
[0.272s] Level 1:colcon.colcon_core.package_identification:_identify(src/tello_ros/tello_description) by extension 'ros'
[0.273s] DEBUG:colcon.colcon_core.package_identification:Package 'src/tello_ros/tello_description' with type 'ros.ament_cmake' and name 'tello_description'
[0.273s] Level 1:colcon.colcon_core.package_identification:_identify(src/tello_ros/tello_driver) by extensions ['ignore', 'ignore_ament_install']
[0.273s] Level 1:colcon.colcon_core.package_identification:_identify(src/tello_ros/tello_driver) by extension 'ignore'
[0.273s] Level 1:colcon.colcon_core.package_identification:_identify(src/tello_ros/tello_driver) by extension 'ignore_ament_install'
[0.273s] Level 1:colcon.colcon_core.package_identification:_identify(src/tello_ros/tello_driver) by extensions ['colcon_pkg']
[0.273s] Level 1:colcon.colcon_core.package_identification:_identify(src/tello_ros/tello_driver) by extension 'colcon_pkg'
[0.273s] Level 1:colcon.colcon_core.package_identification:_identify(src/tello_ros/tello_driver) by extensions ['colcon_meta']
[0.273s] Level 1:colcon.colcon_core.package_identification:_identify(src/tello_ros/tello_driver) by extension 'colcon_meta'
[0.273s] Level 1:colcon.colcon_core.package_identification:_identify(src/tello_ros/tello_driver) by extensions ['ros']
[0.273s] Level 1:colcon.colcon_core.package_identification:_identify(src/tello_ros/tello_driver) by extension 'ros'
[0.274s] DEBUG:colcon.colcon_core.package_identification:Package 'src/tello_ros/tello_driver' with type 'ros.ament_cmake' and name 'tello_driver'
[0.274s] Level 1:colcon.colcon_core.package_identification:_identify(src/tello_ros/tello_gazebo) by extensions ['ignore', 'ignore_ament_install']
[0.274s] Level 1:colcon.colcon_core.package_identification:_identify(src/tello_ros/tello_gazebo) by extension 'ignore'
[0.274s] Level 1:colcon.colcon_core.package_identification:_identify(src/tello_ros/tello_gazebo) by extension 'ignore_ament_install'
[0.274s] Level 1:colcon.colcon_core.package_identification:_identify(src/tello_ros/tello_gazebo) by extensions ['colcon_pkg']
[0.274s] Level 1:colcon.colcon_core.package_identification:_identify(src/tello_ros/tello_gazebo) by extension 'colcon_pkg'
[0.274s] Level 1:colcon.colcon_core.package_identification:_identify(src/tello_ros/tello_gazebo) by extensions ['colcon_meta']
[0.274s] Level 1:colcon.colcon_core.package_identification:_identify(src/tello_ros/tello_gazebo) by extension 'colcon_meta'
[0.274s] Level 1:colcon.colcon_core.package_identification:_identify(src/tello_ros/tello_gazebo) by extensions ['ros']
[0.274s] Level 1:colcon.colcon_core.package_identification:_identify(src/tello_ros/tello_gazebo) by extension 'ros'
[0.275s] DEBUG:colcon.colcon_core.package_identification:Package 'src/tello_ros/tello_gazebo' with type 'ros.ament_cmake' and name 'tello_gazebo'
[0.275s] Level 1:colcon.colcon_core.package_identification:_identify(src/tello_ros/tello_msgs) by extensions ['ignore', 'ignore_ament_install']
[0.275s] Level 1:colcon.colcon_core.package_identification:_identify(src/tello_ros/tello_msgs) by extension 'ignore'
[0.275s] Level 1:colcon.colcon_core.package_identification:_identify(src/tello_ros/tello_msgs) by extension 'ignore_ament_install'
[0.275s] Level 1:colcon.colcon_core.package_identification:_identify(src/tello_ros/tello_msgs) by extensions ['colcon_pkg']
[0.275s] Level 1:colcon.colcon_core.package_identification:_identify(src/tello_ros/tello_msgs) by extension 'colcon_pkg'
[0.275s] Level 1:colcon.colcon_core.package_identification:_identify(src/tello_ros/tello_msgs) by extensions ['colcon_meta']
[0.275s] Level 1:colcon.colcon_core.package_identification:_identify(src/tello_ros/tello_msgs) by extension 'colcon_meta'
[0.275s] Level 1:colcon.colcon_core.package_identification:_identify(src/tello_ros/tello_msgs) by extensions ['ros']
[0.275s] Level 1:colcon.colcon_core.package_identification:_identify(src/tello_ros/tello_msgs) by extension 'ros'
[0.275s] DEBUG:colcon.colcon_core.package_identification:Package 'src/tello_ros/tello_msgs' with type 'ros.ament_cmake' and name 'tello_msgs'
[0.275s] Level 1:colcon.colcon_core.package_discovery:discover_packages(recursive) using defaults
[0.275s] Level 1:colcon.colcon_core.package_discovery:discover_packages(ignore) discover
[0.275s] Level 1:colcon.colcon_core.package_discovery:discover_packages(ignore) using defaults
[0.275s] Level 1:colcon.colcon_core.package_discovery:discover_packages(path) discover
[0.275s] Level 1:colcon.colcon_core.package_discovery:discover_packages(path) using defaults
[0.288s] Level 1:colcon.colcon_core.package_discovery:discover_packages(prefix_path) check parameters
[0.288s] Level 1:colcon.colcon_core.package_discovery:discover_packages(prefix_path) discover
[0.290s] DEBUG:colcon.colcon_installed_package_information.package_discovery:Found 275 installed packages in /opt/ros/galactic
[0.291s] Level 1:colcon.colcon_core.package_discovery:discover_packages(prefix_path) using defaults
[0.330s] Level 5:colcon.colcon_core.verb:set package 'ros2_shared' build argument 'cmake_args' from command line to 'None'
[0.330s] Level 5:colcon.colcon_core.verb:set package 'ros2_shared' build argument 'cmake_target' from command line to 'None'
[0.330s] Level 5:colcon.colcon_core.verb:set package 'ros2_shared' build argument 'cmake_target_skip_unavailable' from command line to 'False'
[0.330s] Level 5:colcon.colcon_core.verb:set package 'ros2_shared' build argument 'cmake_clean_cache' from command line to 'False'
[0.330s] Level 5:colcon.colcon_core.verb:set package 'ros2_shared' build argument 'cmake_clean_first' from command line to 'False'
[0.330s] Level 5:colcon.colcon_core.verb:set package 'ros2_shared' build argument 'cmake_force_configure' from command line to 'False'
[0.330s] Level 5:colcon.colcon_core.verb:set package 'ros2_shared' build argument 'ament_cmake_args' from command line to 'None'
[0.330s] Level 5:colcon.colcon_core.verb:set package 'ros2_shared' build argument 'catkin_cmake_args' from command line to 'None'
[0.330s] Level 5:colcon.colcon_core.verb:set package 'ros2_shared' build argument 'catkin_skip_building_tests' from command line to 'False'
[0.330s] DEBUG:colcon.colcon_core.verb:Building package 'ros2_shared' with the following arguments: {'ament_cmake_args': None, 'build_base': '/home/robinson/tello_ros_ws/build/ros2_shared', 'catkin_cmake_args': None, 'catkin_skip_building_tests': False, 'cmake_args': None, 'cmake_clean_cache': False, 'cmake_clean_first': False, 'cmake_force_configure': False, 'cmake_target': None, 'cmake_target_skip_unavailable': False, 'install_base': '/home/robinson/tello_ros_ws/install/ros2_shared', 'merge_install': False, 'path': '/home/robinson/tello_ros_ws/src/ros2_shared', 'symlink_install': True, 'test_result_base': None}
[0.331s] Level 5:colcon.colcon_core.verb:set package 'tello_description' build argument 'cmake_args' from command line to 'None'
[0.331s] Level 5:colcon.colcon_core.verb:set package 'tello_description' build argument 'cmake_target' from command line to 'None'
[0.331s] Level 5:colcon.colcon_core.verb:set package 'tello_description' build argument 'cmake_target_skip_unavailable' from command line to 'False'
[0.331s] Level 5:colcon.colcon_core.verb:set package 'tello_description' build argument 'cmake_clean_cache' from command line to 'False'
[0.331s] Level 5:colcon.colcon_core.verb:set package 'tello_description' build argument 'cmake_clean_first' from command line to 'False'
[0.331s] Level 5:colcon.colcon_core.verb:set package 'tello_description' build argument 'cmake_force_configure' from command line to 'False'
[0.331s] Level 5:colcon.colcon_core.verb:set package 'tello_description' build argument 'ament_cmake_args' from command line to 'None'
[0.331s] Level 5:colcon.colcon_core.verb:set package 'tello_description' build argument 'catkin_cmake_args' from command line to 'None'
[0.331s] Level 5:colcon.colcon_core.verb:set package 'tello_description' build argument 'catkin_skip_building_tests' from command line to 'False'
[0.331s] DEBUG:colcon.colcon_core.verb:Building package 'tello_description' with the following arguments: {'ament_cmake_args': None, 'build_base': '/home/robinson/tello_ros_ws/build/tello_description', 'catkin_cmake_args': None, 'catkin_skip_building_tests': False, 'cmake_args': None, 'cmake_clean_cache': False, 'cmake_clean_first': False, 'cmake_force_configure': False, 'cmake_target': None, 'cmake_target_skip_unavailable': False, 'install_base': '/home/robinson/tello_ros_ws/install/tello_description', 'merge_install': False, 'path': '/home/robinson/tello_ros_ws/src/tello_ros/tello_description', 'symlink_install': True, 'test_result_base': None}
[0.331s] Level 5:colcon.colcon_core.verb:set package 'tello_msgs' build argument 'cmake_args' from command line to 'None'
[0.331s] Level 5:colcon.colcon_core.verb:set package 'tello_msgs' build argument 'cmake_target' from command line to 'None'
[0.331s] Level 5:colcon.colcon_core.verb:set package 'tello_msgs' build argument 'cmake_target_skip_unavailable' from command line to 'False'
[0.331s] Level 5:colcon.colcon_core.verb:set package 'tello_msgs' build argument 'cmake_clean_cache' from command line to 'False'
[0.331s] Level 5:colcon.colcon_core.verb:set package 'tello_msgs' build argument 'cmake_clean_first' from command line to 'False'
[0.331s] Level 5:colcon.colcon_core.verb:set package 'tello_msgs' build argument 'cmake_force_configure' from command line to 'False'
[0.331s] Level 5:colcon.colcon_core.verb:set package 'tello_msgs' build argument 'ament_cmake_args' from command line to 'None'
[0.331s] Level 5:colcon.colcon_core.verb:set package 'tello_msgs' build argument 'catkin_cmake_args' from command line to 'None'
[0.331s] Level 5:colcon.colcon_core.verb:set package 'tello_msgs' build argument 'catkin_skip_building_tests' from command line to 'False'
[0.331s] DEBUG:colcon.colcon_core.verb:Building package 'tello_msgs' with the following arguments: {'ament_cmake_args': None, 'build_base': '/home/robinson/tello_ros_ws/build/tello_msgs', 'catkin_cmake_args': None, 'catkin_skip_building_tests': False, 'cmake_args': None, 'cmake_clean_cache': False, 'cmake_clean_first': False, 'cmake_force_configure': False, 'cmake_target': None, 'cmake_target_skip_unavailable': False, 'install_base': '/home/robinson/tello_ros_ws/install/tello_msgs', 'merge_install': False, 'path': '/home/robinson/tello_ros_ws/src/tello_ros/tello_msgs', 'symlink_install': True, 'test_result_base': None}
[0.332s] Level 5:colcon.colcon_core.verb:set package 'tello_driver' build argument 'cmake_args' from command line to 'None'
[0.332s] Level 5:colcon.colcon_core.verb:set package 'tello_driver' build argument 'cmake_target' from command line to 'None'
[0.332s] Level 5:colcon.colcon_core.verb:set package 'tello_driver' build argument 'cmake_target_skip_unavailable' from command line to 'False'
[0.332s] Level 5:colcon.colcon_core.verb:set package 'tello_driver' build argument 'cmake_clean_cache' from command line to 'False'
[0.332s] Level 5:colcon.colcon_core.verb:set package 'tello_driver' build argument 'cmake_clean_first' from command line to 'False'
[0.332s] Level 5:colcon.colcon_core.verb:set package 'tello_driver' build argument 'cmake_force_configure' from command line to 'False'
[0.332s] Level 5:colcon.colcon_core.verb:set package 'tello_driver' build argument 'ament_cmake_args' from command line to 'None'
[0.332s] Level 5:colcon.colcon_core.verb:set package 'tello_driver' build argument 'catkin_cmake_args' from command line to 'None'
[0.332s] Level 5:colcon.colcon_core.verb:set package 'tello_driver' build argument 'catkin_skip_building_tests' from command line to 'False'
[0.332s] DEBUG:colcon.colcon_core.verb:Building package 'tello_driver' with the following arguments: {'ament_cmake_args': None, 'build_base': '/home/robinson/tello_ros_ws/build/tello_driver', 'catkin_cmake_args': None, 'catkin_skip_building_tests': False, 'cmake_args': None, 'cmake_clean_cache': False, 'cmake_clean_first': False, 'cmake_force_configure': False, 'cmake_target': None, 'cmake_target_skip_unavailable': False, 'install_base': '/home/robinson/tello_ros_ws/install/tello_driver', 'merge_install': False, 'path': '/home/robinson/tello_ros_ws/src/tello_ros/tello_driver', 'symlink_install': True, 'test_result_base': None}
[0.332s] Level 5:colcon.colcon_core.verb:set package 'tello_gazebo' build argument 'cmake_args' from command line to 'None'
[0.332s] Level 5:colcon.colcon_core.verb:set package 'tello_gazebo' build argument 'cmake_target' from command line to 'None'
[0.332s] Level 5:colcon.colcon_core.verb:set package 'tello_gazebo' build argument 'cmake_target_skip_unavailable' from command line to 'False'
[0.332s] Level 5:colcon.colcon_core.verb:set package 'tello_gazebo' build argument 'cmake_clean_cache' from command line to 'False'
[0.332s] Level 5:colcon.colcon_core.verb:set package 'tello_gazebo' build argument 'cmake_clean_first' from command line to 'False'
[0.332s] Level 5:colcon.colcon_core.verb:set package 'tello_gazebo' build argument 'cmake_force_configure' from command line to 'False'
[0.332s] Level 5:colcon.colcon_core.verb:set package 'tello_gazebo' build argument 'ament_cmake_args' from command line to 'None'
[0.332s] Level 5:colcon.colcon_core.verb:set package 'tello_gazebo' build argument 'catkin_cmake_args' from command line to 'None'
[0.332s] Level 5:colcon.colcon_core.verb:set package 'tello_gazebo' build argument 'catkin_skip_building_tests' from command line to 'False'
[0.332s] DEBUG:colcon.colcon_core.verb:Building package 'tello_gazebo' with the following arguments: {'ament_cmake_args': None, 'build_base': '/home/robinson/tello_ros_ws/build/tello_gazebo', 'catkin_cmake_args': None, 'catkin_skip_building_tests': False, 'cmake_args': None, 'cmake_clean_cache': False, 'cmake_clean_first': False, 'cmake_force_configure': False, 'cmake_target': None, 'cmake_target_skip_unavailable': False, 'install_base': '/home/robinson/tello_ros_ws/install/tello_gazebo', 'merge_install': False, 'path': '/home/robinson/tello_ros_ws/src/tello_ros/tello_gazebo', 'symlink_install': True, 'test_result_base': None}
[0.333s] INFO:colcon.colcon_core.executor:Executing jobs using 'parallel' executor
[0.335s] DEBUG:colcon.colcon_parallel_executor.executor.parallel:run_until_complete
[0.335s] INFO:colcon.colcon_ros.task.ament_cmake.build:Building ROS package in '/home/robinson/tello_ros_ws/src/tello_ros/tello_msgs' with build type 'ament_cmake'
[0.335s] INFO:colcon.colcon_cmake.task.cmake.build:Building CMake package in '/home/robinson/tello_ros_ws/src/tello_ros/tello_msgs'
[0.338s] INFO:colcon.colcon_core.plugin_system:Skipping extension 'colcon_core.shell.bat': Not used on non-Windows systems
[0.339s] INFO:colcon.colcon_core.shell:Skip shell extension 'powershell' for command environment: Not usable outside of PowerShell
[0.339s] DEBUG:colcon.colcon_core.shell:Skip shell extension 'dsv' for command environment
[0.342s] INFO:colcon.colcon_ros.task.ament_cmake.build:Building ROS package in '/home/robinson/tello_ros_ws/src/ros2_shared' with build type 'ament_cmake'
[0.342s] INFO:colcon.colcon_cmake.task.cmake.build:Building CMake package in '/home/robinson/tello_ros_ws/src/ros2_shared'
[0.343s] INFO:colcon.colcon_core.shell:Skip shell extension 'powershell' for command environment: Not usable outside of PowerShell
[0.343s] DEBUG:colcon.colcon_core.shell:Skip shell extension 'dsv' for command environment
[0.346s] INFO:colcon.colcon_ros.task.ament_cmake.build:Building ROS package in '/home/robinson/tello_ros_ws/src/tello_ros/tello_description' with build type 'ament_cmake'
[0.347s] INFO:colcon.colcon_cmake.task.cmake.build:Building CMake package in '/home/robinson/tello_ros_ws/src/tello_ros/tello_description'
[0.348s] INFO:colcon.colcon_core.shell:Skip shell extension 'powershell' for command environment: Not usable outside of PowerShell
[0.348s] DEBUG:colcon.colcon_core.shell:Skip shell extension 'dsv' for command environment
[0.354s] DEBUG:colcon.colcon_core.event_handler.log_command:Invoking command in '/home/robinson/tello_ros_ws/build/tello_msgs': CMAKE_PREFIX_PATH=/opt/ros/galactic /usr/bin/cmake /home/robinson/tello_ros_ws/src/tello_ros/tello_msgs -DAMENT_CMAKE_SYMLINK_INSTALL=1 -DCMAKE_INSTALL_PREFIX=/home/robinson/tello_ros_ws/install/tello_msgs
[0.360s] DEBUG:colcon.colcon_core.event_handler.log_command:Invoking command in '/home/robinson/tello_ros_ws/build/ros2_shared': CMAKE_PREFIX_PATH=/opt/ros/galactic /usr/bin/cmake /home/robinson/tello_ros_ws/src/ros2_shared -DAMENT_CMAKE_SYMLINK_INSTALL=1 -DCMAKE_INSTALL_PREFIX=/home/robinson/tello_ros_ws/install/ros2_shared
[0.361s] DEBUG:colcon.colcon_core.event_handler.log_command:Invoking command in '/home/robinson/tello_ros_ws/build/tello_description': CMAKE_PREFIX_PATH=/opt/ros/galactic /usr/bin/cmake /home/robinson/tello_ros_ws/src/tello_ros/tello_description -DAMENT_CMAKE_SYMLINK_INSTALL=1 -DCMAKE_INSTALL_PREFIX=/home/robinson/tello_ros_ws/install/tello_description
[1.763s] DEBUG:colcon.colcon_core.event_handler.log_command:Invoked command in '/home/robinson/tello_ros_ws/build/ros2_shared' returned '0': CMAKE_PREFIX_PATH=/opt/ros/galactic /usr/bin/cmake /home/robinson/tello_ros_ws/src/ros2_shared -DAMENT_CMAKE_SYMLINK_INSTALL=1 -DCMAKE_INSTALL_PREFIX=/home/robinson/tello_ros_ws/install/ros2_shared
[1.765s] DEBUG:colcon.colcon_core.event_handler.log_command:Invoking command in '/home/robinson/tello_ros_ws/build/ros2_shared': CMAKE_PREFIX_PATH=/opt/ros/galactic /usr/bin/cmake --build /home/robinson/tello_ros_ws/build/ros2_shared -- -j20 -l20
[1.766s] DEBUG:colcon.colcon_core.event_handler.log_command:Invoked command in '/home/robinson/tello_ros_ws/build/tello_description' returned '0': CMAKE_PREFIX_PATH=/opt/ros/galactic /usr/bin/cmake /home/robinson/tello_ros_ws/src/tello_ros/tello_description -DAMENT_CMAKE_SYMLINK_INSTALL=1 -DCMAKE_INSTALL_PREFIX=/home/robinson/tello_ros_ws/install/tello_description
[1.768s] DEBUG:colcon.colcon_core.event_handler.log_command:Invoking command in '/home/robinson/tello_ros_ws/build/tello_description': CMAKE_PREFIX_PATH=/opt/ros/galactic /usr/bin/cmake --build /home/robinson/tello_ros_ws/build/tello_description -- -j20 -l20
[1.791s] DEBUG:colcon.colcon_core.event_handler.log_command:Invoked command in '/home/robinson/tello_ros_ws/build/ros2_shared' returned '0': CMAKE_PREFIX_PATH=/opt/ros/galactic /usr/bin/cmake --build /home/robinson/tello_ros_ws/build/ros2_shared -- -j20 -l20
[1.814s] DEBUG:colcon.colcon_core.event_handler.log_command:Invoking command in '/home/robinson/tello_ros_ws/build/ros2_shared': CMAKE_PREFIX_PATH=/opt/ros/galactic /usr/bin/cmake --install /home/robinson/tello_ros_ws/build/ros2_shared
[1.937s] Level 1:colcon.colcon_core.environment:create_environment_scripts_only(ros2_shared)
[1.939s] DEBUG:colcon.colcon_core.event_handler.log_command:Invoked command in '/home/robinson/tello_ros_ws/build/ros2_shared' returned '0': CMAKE_PREFIX_PATH=/opt/ros/galactic /usr/bin/cmake --install /home/robinson/tello_ros_ws/build/ros2_shared
[1.942s] Level 1:colcon.colcon_core.environment:checking '/home/robinson/tello_ros_ws/install/ros2_shared' for CMake module files
[1.942s] Level 1:colcon.colcon_core.environment:checking '/home/robinson/tello_ros_ws/install/ros2_shared' for CMake config files
[1.942s] Level 1:colcon.colcon_core.shell:create_environment_hook('ros2_shared', 'cmake_prefix_path')
[1.943s] INFO:colcon.colcon_core.shell:Creating environment hook '/home/robinson/tello_ros_ws/install/ros2_shared/share/ros2_shared/hook/cmake_prefix_path.ps1'
[1.943s] INFO:colcon.colcon_core.shell:Creating environment descriptor '/home/robinson/tello_ros_ws/install/ros2_shared/share/ros2_shared/hook/cmake_prefix_path.dsv'
[1.943s] INFO:colcon.colcon_core.shell:Creating environment hook '/home/robinson/tello_ros_ws/install/ros2_shared/share/ros2_shared/hook/cmake_prefix_path.sh'
[1.944s] Level 1:colcon.colcon_core.environment:checking '/home/robinson/tello_ros_ws/install/ros2_shared/bin'
[1.944s] Level 1:colcon.colcon_core.environment:checking '/home/robinson/tello_ros_ws/install/ros2_shared/lib/pkgconfig/ros2_shared.pc'
[1.944s] Level 1:colcon.colcon_core.environment:checking '/home/robinson/tello_ros_ws/install/ros2_shared/lib/python3.8/site-packages'
[1.944s] Level 1:colcon.colcon_core.environment:checking '/home/robinson/tello_ros_ws/install/ros2_shared/bin'
[1.945s] INFO:colcon.colcon_core.shell:Creating package script '/home/robinson/tello_ros_ws/install/ros2_shared/share/ros2_shared/package.ps1'
[1.946s] INFO:colcon.colcon_core.shell:Creating package descriptor '/home/robinson/tello_ros_ws/install/ros2_shared/share/ros2_shared/package.dsv'
[1.946s] INFO:colcon.colcon_core.shell:Creating package script '/home/robinson/tello_ros_ws/install/ros2_shared/share/ros2_shared/package.sh'
[1.946s] INFO:colcon.colcon_core.shell:Creating package script '/home/robinson/tello_ros_ws/install/ros2_shared/share/ros2_shared/package.bash'
[1.947s] INFO:colcon.colcon_core.shell:Creating package script '/home/robinson/tello_ros_ws/install/ros2_shared/share/ros2_shared/package.zsh'
[1.947s] Level 1:colcon.colcon_core.environment:create_file_with_runtime_dependencies(/home/robinson/tello_ros_ws/install/ros2_shared/share/colcon-core/packages/ros2_shared)
[1.961s] Level 1:colcon.colcon_core.environment:create_environment_scripts_only(ros2_shared)
[1.962s] Level 1:colcon.colcon_core.environment:checking '/home/robinson/tello_ros_ws/install/ros2_shared' for CMake module files
[1.963s] Level 1:colcon.colcon_core.environment:checking '/home/robinson/tello_ros_ws/install/ros2_shared' for CMake config files
[1.963s] Level 1:colcon.colcon_core.shell:create_environment_hook('ros2_shared', 'cmake_prefix_path')
[1.964s] INFO:colcon.colcon_core.shell:Creating environment hook '/home/robinson/tello_ros_ws/install/ros2_shared/share/ros2_shared/hook/cmake_prefix_path.ps1'
[1.964s] INFO:colcon.colcon_core.shell:Creating environment descriptor '/home/robinson/tello_ros_ws/install/ros2_shared/share/ros2_shared/hook/cmake_prefix_path.dsv'
[1.964s] INFO:colcon.colcon_core.shell:Creating environment hook '/home/robinson/tello_ros_ws/install/ros2_shared/share/ros2_shared/hook/cmake_prefix_path.sh'
[1.965s] Level 1:colcon.colcon_core.environment:checking '/home/robinson/tello_ros_ws/install/ros2_shared/bin'
[1.965s] Level 1:colcon.colcon_core.environment:checking '/home/robinson/tello_ros_ws/install/ros2_shared/lib/pkgconfig/ros2_shared.pc'
[1.965s] Level 1:colcon.colcon_core.environment:checking '/home/robinson/tello_ros_ws/install/ros2_shared/lib/python3.8/site-packages'
[1.965s] Level 1:colcon.colcon_core.environment:checking '/home/robinson/tello_ros_ws/install/ros2_shared/bin'
[1.967s] INFO:colcon.colcon_core.shell:Creating package script '/home/robinson/tello_ros_ws/install/ros2_shared/share/ros2_shared/package.ps1'
[1.967s] INFO:colcon.colcon_core.shell:Creating package descriptor '/home/robinson/tello_ros_ws/install/ros2_shared/share/ros2_shared/package.dsv'
[1.968s] INFO:colcon.colcon_core.shell:Creating package script '/home/robinson/tello_ros_ws/install/ros2_shared/share/ros2_shared/package.sh'
[1.968s] INFO:colcon.colcon_core.shell:Creating package script '/home/robinson/tello_ros_ws/install/ros2_shared/share/ros2_shared/package.bash'
[1.968s] INFO:colcon.colcon_core.shell:Creating package script '/home/robinson/tello_ros_ws/install/ros2_shared/share/ros2_shared/package.zsh'
[1.969s] Level 1:colcon.colcon_core.environment:create_file_with_runtime_dependencies(/home/robinson/tello_ros_ws/install/ros2_shared/share/colcon-core/packages/ros2_shared)
[2.127s] DEBUG:colcon.colcon_core.event_handler.log_command:Invoked command in '/home/robinson/tello_ros_ws/build/tello_description' returned '0': CMAKE_PREFIX_PATH=/opt/ros/galactic /usr/bin/cmake --build /home/robinson/tello_ros_ws/build/tello_description -- -j20 -l20
[2.142s] DEBUG:colcon.colcon_core.event_handler.log_command:Invoking command in '/home/robinson/tello_ros_ws/build/tello_description': CMAKE_PREFIX_PATH=/opt/ros/galactic /usr/bin/cmake --install /home/robinson/tello_ros_ws/build/tello_description
[2.270s] Level 1:colcon.colcon_core.environment:create_environment_scripts_only(tello_description)
[2.272s] Level 1:colcon.colcon_core.environment:checking '/home/robinson/tello_ros_ws/install/tello_description' for CMake module files
[2.272s] DEBUG:colcon.colcon_core.event_handler.log_command:Invoked command in '/home/robinson/tello_ros_ws/build/tello_description' returned '0': CMAKE_PREFIX_PATH=/opt/ros/galactic /usr/bin/cmake --install /home/robinson/tello_ros_ws/build/tello_description
[2.273s] Level 1:colcon.colcon_core.environment:checking '/home/robinson/tello_ros_ws/install/tello_description' for CMake config files
[2.273s] Level 1:colcon.colcon_core.shell:create_environment_hook('tello_description', 'cmake_prefix_path')
[2.274s] INFO:colcon.colcon_core.shell:Creating environment hook '/home/robinson/tello_ros_ws/install/tello_description/share/tello_description/hook/cmake_prefix_path.ps1'
[2.274s] INFO:colcon.colcon_core.shell:Creating environment descriptor '/home/robinson/tello_ros_ws/install/tello_description/share/tello_description/hook/cmake_prefix_path.dsv'
[2.274s] INFO:colcon.colcon_core.shell:Creating environment hook '/home/robinson/tello_ros_ws/install/tello_description/share/tello_description/hook/cmake_prefix_path.sh'
[2.274s] Level 1:colcon.colcon_core.environment:checking '/home/robinson/tello_ros_ws/install/tello_description/bin'
[2.275s] Level 1:colcon.colcon_core.environment:checking '/home/robinson/tello_ros_ws/install/tello_description/lib/pkgconfig/tello_description.pc'
[2.275s] Level 1:colcon.colcon_core.environment:checking '/home/robinson/tello_ros_ws/install/tello_description/lib/python3.8/site-packages'
[2.275s] Level 1:colcon.colcon_core.environment:checking '/home/robinson/tello_ros_ws/install/tello_description/bin'
[2.276s] INFO:colcon.colcon_core.shell:Creating package script '/home/robinson/tello_ros_ws/install/tello_description/share/tello_description/package.ps1'
[2.276s] INFO:colcon.colcon_core.shell:Creating package descriptor '/home/robinson/tello_ros_ws/install/tello_description/share/tello_description/package.dsv'
[2.276s] INFO:colcon.colcon_core.shell:Creating package script '/home/robinson/tello_ros_ws/install/tello_description/share/tello_description/package.sh'
[2.276s] INFO:colcon.colcon_core.shell:Creating package script '/home/robinson/tello_ros_ws/install/tello_description/share/tello_description/package.bash'
[2.276s] INFO:colcon.colcon_core.shell:Creating package script '/home/robinson/tello_ros_ws/install/tello_description/share/tello_description/package.zsh'
[2.276s] Level 1:colcon.colcon_core.environment:create_file_with_runtime_dependencies(/home/robinson/tello_ros_ws/install/tello_description/share/colcon-core/packages/tello_description)
[2.292s] Level 1:colcon.colcon_core.environment:create_environment_scripts_only(tello_description)
[2.293s] Level 1:colcon.colcon_core.environment:checking '/home/robinson/tello_ros_ws/install/tello_description' for CMake module files
[2.294s] Level 1:colcon.colcon_core.environment:checking '/home/robinson/tello_ros_ws/install/tello_description' for CMake config files
[2.294s] Level 1:colcon.colcon_core.shell:create_environment_hook('tello_description', 'cmake_prefix_path')
[2.295s] INFO:colcon.colcon_core.shell:Creating environment hook '/home/robinson/tello_ros_ws/install/tello_description/share/tello_description/hook/cmake_prefix_path.ps1'
[2.295s] INFO:colcon.colcon_core.shell:Creating environment descriptor '/home/robinson/tello_ros_ws/install/tello_description/share/tello_description/hook/cmake_prefix_path.dsv'
[2.295s] INFO:colcon.colcon_core.shell:Creating environment hook '/home/robinson/tello_ros_ws/install/tello_description/share/tello_description/hook/cmake_prefix_path.sh'
[2.295s] Level 1:colcon.colcon_core.environment:checking '/home/robinson/tello_ros_ws/install/tello_description/bin'
[2.295s] Level 1:colcon.colcon_core.environment:checking '/home/robinson/tello_ros_ws/install/tello_description/lib/pkgconfig/tello_description.pc'
[2.296s] Level 1:colcon.colcon_core.environment:checking '/home/robinson/tello_ros_ws/install/tello_description/lib/python3.8/site-packages'
[2.296s] Level 1:colcon.colcon_core.environment:checking '/home/robinson/tello_ros_ws/install/tello_description/bin'
[2.296s] INFO:colcon.colcon_core.shell:Creating package script '/home/robinson/tello_ros_ws/install/tello_description/share/tello_description/package.ps1'
[2.297s] INFO:colcon.colcon_core.shell:Creating package descriptor '/home/robinson/tello_ros_ws/install/tello_description/share/tello_description/package.dsv'
[2.297s] INFO:colcon.colcon_core.shell:Creating package script '/home/robinson/tello_ros_ws/install/tello_description/share/tello_description/package.sh'
[2.297s] INFO:colcon.colcon_core.shell:Creating package script '/home/robinson/tello_ros_ws/install/tello_description/share/tello_description/package.bash'
[2.297s] INFO:colcon.colcon_core.shell:Creating package script '/home/robinson/tello_ros_ws/install/tello_description/share/tello_description/package.zsh'
[2.297s] Level 1:colcon.colcon_core.environment:create_file_with_runtime_dependencies(/home/robinson/tello_ros_ws/install/tello_description/share/colcon-core/packages/tello_description)
[13.171s] DEBUG:colcon.colcon_core.event_handler.log_command:Invoked command in '/home/robinson/tello_ros_ws/build/tello_msgs' returned '0': CMAKE_PREFIX_PATH=/opt/ros/galactic /usr/bin/cmake /home/robinson/tello_ros_ws/src/tello_ros/tello_msgs -DAMENT_CMAKE_SYMLINK_INSTALL=1 -DCMAKE_INSTALL_PREFIX=/home/robinson/tello_ros_ws/install/tello_msgs
[13.173s] DEBUG:colcon.colcon_core.event_handler.log_command:Invoking command in '/home/robinson/tello_ros_ws/build/tello_msgs': CMAKE_PREFIX_PATH=/opt/ros/galactic /usr/bin/cmake --build /home/robinson/tello_ros_ws/build/tello_msgs -- -j20 -l20
[17.181s] DEBUG:colcon.colcon_core.event_handler.log_command:Invoked command in '/home/robinson/tello_ros_ws/build/tello_msgs' returned '0': CMAKE_PREFIX_PATH=/opt/ros/galactic /usr/bin/cmake --build /home/robinson/tello_ros_ws/build/tello_msgs -- -j20 -l20
[17.227s] DEBUG:colcon.colcon_core.event_handler.log_command:Invoking command in '/home/robinson/tello_ros_ws/build/tello_msgs': CMAKE_PREFIX_PATH=/opt/ros/galactic /usr/bin/cmake --install /home/robinson/tello_ros_ws/build/tello_msgs
[17.934s] Level 1:colcon.colcon_core.environment:create_environment_scripts_only(tello_msgs)
[17.934s] DEBUG:colcon.colcon_core.event_handler.log_command:Invoked command in '/home/robinson/tello_ros_ws/build/tello_msgs' returned '0': CMAKE_PREFIX_PATH=/opt/ros/galactic /usr/bin/cmake --install /home/robinson/tello_ros_ws/build/tello_msgs
[17.936s] Level 1:colcon.colcon_core.environment:checking '/home/robinson/tello_ros_ws/install/tello_msgs' for CMake module files
[17.936s] Level 1:colcon.colcon_core.environment:checking '/home/robinson/tello_ros_ws/install/tello_msgs' for CMake config files
[17.936s] Level 1:colcon.colcon_core.shell:create_environment_hook('tello_msgs', 'cmake_prefix_path')
[17.937s] INFO:colcon.colcon_core.shell:Creating environment hook '/home/robinson/tello_ros_ws/install/tello_msgs/share/tello_msgs/hook/cmake_prefix_path.ps1'
[17.938s] INFO:colcon.colcon_core.shell:Creating environment descriptor '/home/robinson/tello_ros_ws/install/tello_msgs/share/tello_msgs/hook/cmake_prefix_path.dsv'
[17.938s] INFO:colcon.colcon_core.shell:Creating environment hook '/home/robinson/tello_ros_ws/install/tello_msgs/share/tello_msgs/hook/cmake_prefix_path.sh'
[17.938s] Level 1:colcon.colcon_core.environment:checking '/home/robinson/tello_ros_ws/install/tello_msgs/lib'
[17.938s] Level 1:colcon.colcon_core.shell:create_environment_hook('tello_msgs', 'ld_library_path_lib')
[17.939s] INFO:colcon.colcon_core.shell:Creating environment hook '/home/robinson/tello_ros_ws/install/tello_msgs/share/tello_msgs/hook/ld_library_path_lib.ps1'
[17.939s] INFO:colcon.colcon_core.shell:Creating environment descriptor '/home/robinson/tello_ros_ws/install/tello_msgs/share/tello_msgs/hook/ld_library_path_lib.dsv'
[17.940s] INFO:colcon.colcon_core.shell:Creating environment hook '/home/robinson/tello_ros_ws/install/tello_msgs/share/tello_msgs/hook/ld_library_path_lib.sh'
[17.940s] Level 1:colcon.colcon_core.environment:checking '/home/robinson/tello_ros_ws/install/tello_msgs/bin'
[17.940s] Level 1:colcon.colcon_core.environment:checking '/home/robinson/tello_ros_ws/install/tello_msgs/lib/pkgconfig/tello_msgs.pc'
[17.940s] Level 1:colcon.colcon_core.environment:checking '/home/robinson/tello_ros_ws/install/tello_msgs/lib/python3.8/site-packages'
[17.940s] Level 1:colcon.colcon_core.shell:create_environment_hook('tello_msgs', 'pythonpath')
[17.941s] INFO:colcon.colcon_core.shell:Creating environment hook '/home/robinson/tello_ros_ws/install/tello_msgs/share/tello_msgs/hook/pythonpath.ps1'
[17.941s] INFO:colcon.colcon_core.shell:Creating environment descriptor '/home/robinson/tello_ros_ws/install/tello_msgs/share/tello_msgs/hook/pythonpath.dsv'
[17.941s] INFO:colcon.colcon_core.shell:Creating environment hook '/home/robinson/tello_ros_ws/install/tello_msgs/share/tello_msgs/hook/pythonpath.sh'
[17.941s] Level 1:colcon.colcon_core.environment:checking '/home/robinson/tello_ros_ws/install/tello_msgs/bin'
[17.942s] INFO:colcon.colcon_core.shell:Creating package script '/home/robinson/tello_ros_ws/install/tello_msgs/share/tello_msgs/package.ps1'
[17.943s] INFO:colcon.colcon_core.shell:Creating package descriptor '/home/robinson/tello_ros_ws/install/tello_msgs/share/tello_msgs/package.dsv'
[17.943s] INFO:colcon.colcon_core.shell:Creating package script '/home/robinson/tello_ros_ws/install/tello_msgs/share/tello_msgs/package.sh'
[17.943s] INFO:colcon.colcon_core.shell:Creating package script '/home/robinson/tello_ros_ws/install/tello_msgs/share/tello_msgs/package.bash'
[17.943s] INFO:colcon.colcon_core.shell:Creating package script '/home/robinson/tello_ros_ws/install/tello_msgs/share/tello_msgs/package.zsh'
[17.943s] Level 1:colcon.colcon_core.environment:create_file_with_runtime_dependencies(/home/robinson/tello_ros_ws/install/tello_msgs/share/colcon-core/packages/tello_msgs)
[17.987s] Level 1:colcon.colcon_core.environment:create_environment_scripts_only(tello_msgs)
[17.988s] Level 1:colcon.colcon_core.environment:checking '/home/robinson/tello_ros_ws/install/tello_msgs' for CMake module files
[17.989s] Level 1:colcon.colcon_core.environment:checking '/home/robinson/tello_ros_ws/install/tello_msgs' for CMake config files
[17.989s] Level 1:colcon.colcon_core.shell:create_environment_hook('tello_msgs', 'cmake_prefix_path')
[17.990s] INFO:colcon.colcon_core.shell:Creating environment hook '/home/robinson/tello_ros_ws/install/tello_msgs/share/tello_msgs/hook/cmake_prefix_path.ps1'
[17.991s] INFO:colcon.colcon_core.shell:Creating environment descriptor '/home/robinson/tello_ros_ws/install/tello_msgs/share/tello_msgs/hook/cmake_prefix_path.dsv'
[17.991s] INFO:colcon.colcon_core.shell:Creating environment hook '/home/robinson/tello_ros_ws/install/tello_msgs/share/tello_msgs/hook/cmake_prefix_path.sh'
[17.991s] Level 1:colcon.colcon_core.environment:checking '/home/robinson/tello_ros_ws/install/tello_msgs/lib'
[17.991s] Level 1:colcon.colcon_core.shell:create_environment_hook('tello_msgs', 'ld_library_path_lib')
[17.992s] INFO:colcon.colcon_core.shell:Creating environment hook '/home/robinson/tello_ros_ws/install/tello_msgs/share/tello_msgs/hook/ld_library_path_lib.ps1'
[17.992s] INFO:colcon.colcon_core.shell:Creating environment descriptor '/home/robinson/tello_ros_ws/install/tello_msgs/share/tello_msgs/hook/ld_library_path_lib.dsv'
[17.993s] INFO:colcon.colcon_core.shell:Creating environment hook '/home/robinson/tello_ros_ws/install/tello_msgs/share/tello_msgs/hook/ld_library_path_lib.sh'
[17.993s] Level 1:colcon.colcon_core.environment:checking '/home/robinson/tello_ros_ws/install/tello_msgs/bin'
[17.993s] Level 1:colcon.colcon_core.environment:checking '/home/robinson/tello_ros_ws/install/tello_msgs/lib/pkgconfig/tello_msgs.pc'
[17.993s] Level 1:colcon.colcon_core.environment:checking '/home/robinson/tello_ros_ws/install/tello_msgs/lib/python3.8/site-packages'
[17.993s] Level 1:colcon.colcon_core.shell:create_environment_hook('tello_msgs', 'pythonpath')
[17.994s] INFO:colcon.colcon_core.shell:Creating environment hook '/home/robinson/tello_ros_ws/install/tello_msgs/share/tello_msgs/hook/pythonpath.ps1'
[17.994s] INFO:colcon.colcon_core.shell:Creating environment descriptor '/home/robinson/tello_ros_ws/install/tello_msgs/share/tello_msgs/hook/pythonpath.dsv'
[17.994s] INFO:colcon.colcon_core.shell:Creating environment hook '/home/robinson/tello_ros_ws/install/tello_msgs/share/tello_msgs/hook/pythonpath.sh'
[17.994s] Level 1:colcon.colcon_core.environment:checking '/home/robinson/tello_ros_ws/install/tello_msgs/bin'
[17.995s] INFO:colcon.colcon_core.shell:Creating package script '/home/robinson/tello_ros_ws/install/tello_msgs/share/tello_msgs/package.ps1'
[17.995s] INFO:colcon.colcon_core.shell:Creating package descriptor '/home/robinson/tello_ros_ws/install/tello_msgs/share/tello_msgs/package.dsv'
[17.996s] INFO:colcon.colcon_core.shell:Creating package script '/home/robinson/tello_ros_ws/install/tello_msgs/share/tello_msgs/package.sh'
[17.996s] INFO:colcon.colcon_core.shell:Creating package script '/home/robinson/tello_ros_ws/install/tello_msgs/share/tello_msgs/package.bash'
[17.996s] INFO:colcon.colcon_core.shell:Creating package script '/home/robinson/tello_ros_ws/install/tello_msgs/share/tello_msgs/package.zsh'
[17.996s] Level 1:colcon.colcon_core.environment:create_file_with_runtime_dependencies(/home/robinson/tello_ros_ws/install/tello_msgs/share/colcon-core/packages/tello_msgs)
[17.996s] INFO:colcon.colcon_ros.task.ament_cmake.build:Building ROS package in '/home/robinson/tello_ros_ws/src/tello_ros/tello_driver' with build type 'ament_cmake'
[17.996s] INFO:colcon.colcon_cmake.task.cmake.build:Building CMake package in '/home/robinson/tello_ros_ws/src/tello_ros/tello_driver'
[17.997s] INFO:colcon.colcon_core.shell:Skip shell extension 'powershell' for command environment: Not usable outside of PowerShell
[17.997s] DEBUG:colcon.colcon_core.shell:Skip shell extension 'dsv' for command environment
[18.001s] INFO:colcon.colcon_ros.task.ament_cmake.build:Building ROS package in '/home/robinson/tello_ros_ws/src/tello_ros/tello_gazebo' with build type 'ament_cmake'
[18.001s] INFO:colcon.colcon_cmake.task.cmake.build:Building CMake package in '/home/robinson/tello_ros_ws/src/tello_ros/tello_gazebo'
[18.002s] INFO:colcon.colcon_core.shell:Skip shell extension 'powershell' for command environment: Not usable outside of PowerShell
[18.002s] DEBUG:colcon.colcon_core.shell:Skip shell extension 'dsv' for command environment
[18.130s] DEBUG:colcon.colcon_core.event_handler.log_command:Invoking command in '/home/robinson/tello_ros_ws/build/tello_gazebo': AMENT_PREFIX_PATH=/home/robinson/tello_ros_ws/install/tello_msgs:${AMENT_PREFIX_PATH} CMAKE_PREFIX_PATH=/home/robinson/tello_ros_ws/install/tello_msgs:/opt/ros/galactic LD_LIBRARY_PATH=/home/robinson/tello_ros_ws/install/tello_msgs/lib:${LD_LIBRARY_PATH} PYTHONPATH=/home/robinson/tello_ros_ws/install/tello_msgs/lib/python3.8/site-packages:${PYTHONPATH} /usr/bin/cmake /home/robinson/tello_ros_ws/src/tello_ros/tello_gazebo -DAMENT_CMAKE_SYMLINK_INSTALL=1 -DCMAKE_INSTALL_PREFIX=/home/robinson/tello_ros_ws/install/tello_gazebo
[18.179s] DEBUG:colcon.colcon_core.event_handler.log_command:Invoking command in '/home/robinson/tello_ros_ws/build/tello_driver': AMENT_PREFIX_PATH=/home/robinson/tello_ros_ws/install/tello_msgs:/home/robinson/tello_ros_ws/install/ros2_shared:${AMENT_PREFIX_PATH} CMAKE_PREFIX_PATH=/home/robinson/tello_ros_ws/install/tello_msgs:/home/robinson/tello_ros_ws/install/ros2_shared:/opt/ros/galactic LD_LIBRARY_PATH=/home/robinson/tello_ros_ws/install/tello_msgs/lib:${LD_LIBRARY_PATH} PYTHONPATH=/home/robinson/tello_ros_ws/install/tello_msgs/lib/python3.8/site-packages:${PYTHONPATH} /usr/bin/cmake /home/robinson/tello_ros_ws/src/tello_ros/tello_driver -DAMENT_CMAKE_SYMLINK_INSTALL=1 -DCMAKE_INSTALL_PREFIX=/home/robinson/tello_ros_ws/install/tello_driver
[27.084s] DEBUG:colcon.colcon_core.event_handler.log_command:Invoked command in '/home/robinson/tello_ros_ws/build/tello_driver' returned '0': AMENT_PREFIX_PATH=/home/robinson/tello_ros_ws/install/tello_msgs:/home/robinson/tello_ros_ws/install/ros2_shared:${AMENT_PREFIX_PATH} CMAKE_PREFIX_PATH=/home/robinson/tello_ros_ws/install/tello_msgs:/home/robinson/tello_ros_ws/install/ros2_shared:/opt/ros/galactic LD_LIBRARY_PATH=/home/robinson/tello_ros_ws/install/tello_msgs/lib:${LD_LIBRARY_PATH} PYTHONPATH=/home/robinson/tello_ros_ws/install/tello_msgs/lib/python3.8/site-packages:${PYTHONPATH} /usr/bin/cmake /home/robinson/tello_ros_ws/src/tello_ros/tello_driver -DAMENT_CMAKE_SYMLINK_INSTALL=1 -DCMAKE_INSTALL_PREFIX=/home/robinson/tello_ros_ws/install/tello_driver
[27.087s] DEBUG:colcon.colcon_core.event_handler.log_command:Invoking command in '/home/robinson/tello_ros_ws/build/tello_driver': AMENT_PREFIX_PATH=/home/robinson/tello_ros_ws/install/tello_msgs:/home/robinson/tello_ros_ws/install/ros2_shared:${AMENT_PREFIX_PATH} CMAKE_PREFIX_PATH=/home/robinson/tello_ros_ws/install/tello_msgs:/home/robinson/tello_ros_ws/install/ros2_shared:/opt/ros/galactic LD_LIBRARY_PATH=/home/robinson/tello_ros_ws/install/tello_msgs/lib:${LD_LIBRARY_PATH} PYTHONPATH=/home/robinson/tello_ros_ws/install/tello_msgs/lib/python3.8/site-packages:${PYTHONPATH} /usr/bin/cmake --build /home/robinson/tello_ros_ws/build/tello_driver -- -j20 -l20
[37.029s] DEBUG:colcon.colcon_core.event_handler.log_command:Invoked command in '/home/robinson/tello_ros_ws/build/tello_driver' returned '0': AMENT_PREFIX_PATH=/home/robinson/tello_ros_ws/install/tello_msgs:/home/robinson/tello_ros_ws/install/ros2_shared:${AMENT_PREFIX_PATH} CMAKE_PREFIX_PATH=/home/robinson/tello_ros_ws/install/tello_msgs:/home/robinson/tello_ros_ws/install/ros2_shared:/opt/ros/galactic LD_LIBRARY_PATH=/home/robinson/tello_ros_ws/install/tello_msgs/lib:${LD_LIBRARY_PATH} PYTHONPATH=/home/robinson/tello_ros_ws/install/tello_msgs/lib/python3.8/site-packages:${PYTHONPATH} /usr/bin/cmake --build /home/robinson/tello_ros_ws/build/tello_driver -- -j20 -l20
[37.054s] DEBUG:colcon.colcon_core.event_handler.log_command:Invoking command in '/home/robinson/tello_ros_ws/build/tello_driver': AMENT_PREFIX_PATH=/home/robinson/tello_ros_ws/install/tello_msgs:/home/robinson/tello_ros_ws/install/ros2_shared:${AMENT_PREFIX_PATH} CMAKE_PREFIX_PATH=/home/robinson/tello_ros_ws/install/tello_msgs:/home/robinson/tello_ros_ws/install/ros2_shared:/opt/ros/galactic LD_LIBRARY_PATH=/home/robinson/tello_ros_ws/install/tello_msgs/lib:${LD_LIBRARY_PATH} PYTHONPATH=/home/robinson/tello_ros_ws/install/tello_msgs/lib/python3.8/site-packages:${PYTHONPATH} /usr/bin/cmake --install /home/robinson/tello_ros_ws/build/tello_driver
[37.200s] Level 1:colcon.colcon_core.environment:create_environment_scripts_only(tello_driver)
[37.201s] Level 1:colcon.colcon_core.environment:checking '/home/robinson/tello_ros_ws/install/tello_driver' for CMake module files
[37.201s] DEBUG:colcon.colcon_core.event_handler.log_command:Invoked command in '/home/robinson/tello_ros_ws/build/tello_driver' returned '0': AMENT_PREFIX_PATH=/home/robinson/tello_ros_ws/install/tello_msgs:/home/robinson/tello_ros_ws/install/ros2_shared:${AMENT_PREFIX_PATH} CMAKE_PREFIX_PATH=/home/robinson/tello_ros_ws/install/tello_msgs:/home/robinson/tello_ros_ws/install/ros2_shared:/opt/ros/galactic LD_LIBRARY_PATH=/home/robinson/tello_ros_ws/install/tello_msgs/lib:${LD_LIBRARY_PATH} PYTHONPATH=/home/robinson/tello_ros_ws/install/tello_msgs/lib/python3.8/site-packages:${PYTHONPATH} /usr/bin/cmake --install /home/robinson/tello_ros_ws/build/tello_driver
[37.202s] Level 1:colcon.colcon_core.environment:checking '/home/robinson/tello_ros_ws/install/tello_driver' for CMake config files
[37.202s] Level 1:colcon.colcon_core.shell:create_environment_hook('tello_driver', 'cmake_prefix_path')
[37.202s] INFO:colcon.colcon_core.shell:Creating environment hook '/home/robinson/tello_ros_ws/install/tello_driver/share/tello_driver/hook/cmake_prefix_path.ps1'
[37.203s] INFO:colcon.colcon_core.shell:Creating environment descriptor '/home/robinson/tello_ros_ws/install/tello_driver/share/tello_driver/hook/cmake_prefix_path.dsv'
[37.203s] INFO:colcon.colcon_core.shell:Creating environment hook '/home/robinson/tello_ros_ws/install/tello_driver/share/tello_driver/hook/cmake_prefix_path.sh'
[37.203s] Level 1:colcon.colcon_core.environment:checking '/home/robinson/tello_ros_ws/install/tello_driver/lib'
[37.203s] Level 1:colcon.colcon_core.shell:create_environment_hook('tello_driver', 'ld_library_path_lib')
[37.204s] INFO:colcon.colcon_core.shell:Creating environment hook '/home/robinson/tello_ros_ws/install/tello_driver/share/tello_driver/hook/ld_library_path_lib.ps1'
[37.204s] INFO:colcon.colcon_core.shell:Creating environment descriptor '/home/robinson/tello_ros_ws/install/tello_driver/share/tello_driver/hook/ld_library_path_lib.dsv'
[37.204s] INFO:colcon.colcon_core.shell:Creating environment hook '/home/robinson/tello_ros_ws/install/tello_driver/share/tello_driver/hook/ld_library_path_lib.sh'
[37.204s] Level 1:colcon.colcon_core.environment:checking '/home/robinson/tello_ros_ws/install/tello_driver/bin'
[37.204s] Level 1:colcon.colcon_core.environment:checking '/home/robinson/tello_ros_ws/install/tello_driver/lib/pkgconfig/tello_driver.pc'
[37.205s] Level 1:colcon.colcon_core.environment:checking '/home/robinson/tello_ros_ws/install/tello_driver/lib/python3.8/site-packages'
[37.205s] Level 1:colcon.colcon_core.environment:checking '/home/robinson/tello_ros_ws/install/tello_driver/bin'
[37.205s] INFO:colcon.colcon_core.shell:Creating package script '/home/robinson/tello_ros_ws/install/tello_driver/share/tello_driver/package.ps1'
[37.206s] INFO:colcon.colcon_core.shell:Creating package descriptor '/home/robinson/tello_ros_ws/install/tello_driver/share/tello_driver/package.dsv'
[37.206s] INFO:colcon.colcon_core.shell:Creating package script '/home/robinson/tello_ros_ws/install/tello_driver/share/tello_driver/package.sh'
[37.206s] INFO:colcon.colcon_core.shell:Creating package script '/home/robinson/tello_ros_ws/install/tello_driver/share/tello_driver/package.bash'
[37.206s] INFO:colcon.colcon_core.shell:Creating package script '/home/robinson/tello_ros_ws/install/tello_driver/share/tello_driver/package.zsh'
[37.206s] Level 1:colcon.colcon_core.environment:create_file_with_runtime_dependencies(/home/robinson/tello_ros_ws/install/tello_driver/share/colcon-core/packages/tello_driver)
[37.229s] Level 1:colcon.colcon_core.environment:create_environment_scripts_only(tello_driver)
[37.230s] Level 1:colcon.colcon_core.environment:checking '/home/robinson/tello_ros_ws/install/tello_driver' for CMake module files
[37.230s] Level 1:colcon.colcon_core.environment:checking '/home/robinson/tello_ros_ws/install/tello_driver' for CMake config files
[37.230s] Level 1:colcon.colcon_core.shell:create_environment_hook('tello_driver', 'cmake_prefix_path')
[37.231s] INFO:colcon.colcon_core.shell:Creating environment hook '/home/robinson/tello_ros_ws/install/tello_driver/share/tello_driver/hook/cmake_prefix_path.ps1'
[37.231s] INFO:colcon.colcon_core.shell:Creating environment descriptor '/home/robinson/tello_ros_ws/install/tello_driver/share/tello_driver/hook/cmake_prefix_path.dsv'
[37.231s] INFO:colcon.colcon_core.shell:Creating environment hook '/home/robinson/tello_ros_ws/install/tello_driver/share/tello_driver/hook/cmake_prefix_path.sh'
[37.232s] Level 1:colcon.colcon_core.environment:checking '/home/robinson/tello_ros_ws/install/tello_driver/lib'
[37.232s] Level 1:colcon.colcon_core.shell:create_environment_hook('tello_driver', 'ld_library_path_lib')
[37.232s] INFO:colcon.colcon_core.shell:Creating environment hook '/home/robinson/tello_ros_ws/install/tello_driver/share/tello_driver/hook/ld_library_path_lib.ps1'
[37.233s] INFO:colcon.colcon_core.shell:Creating environment descriptor '/home/robinson/tello_ros_ws/install/tello_driver/share/tello_driver/hook/ld_library_path_lib.dsv'
[37.233s] INFO:colcon.colcon_core.shell:Creating environment hook '/home/robinson/tello_ros_ws/install/tello_driver/share/tello_driver/hook/ld_library_path_lib.sh'
[37.233s] Level 1:colcon.colcon_core.environment:checking '/home/robinson/tello_ros_ws/install/tello_driver/bin'
[37.233s] Level 1:colcon.colcon_core.environment:checking '/home/robinson/tello_ros_ws/install/tello_driver/lib/pkgconfig/tello_driver.pc'
[37.233s] Level 1:colcon.colcon_core.environment:checking '/home/robinson/tello_ros_ws/install/tello_driver/lib/python3.8/site-packages'
[37.233s] Level 1:colcon.colcon_core.environment:checking '/home/robinson/tello_ros_ws/install/tello_driver/bin'
[37.234s] INFO:colcon.colcon_core.shell:Creating package script '/home/robinson/tello_ros_ws/install/tello_driver/share/tello_driver/package.ps1'
[37.234s] INFO:colcon.colcon_core.shell:Creating package descriptor '/home/robinson/tello_ros_ws/install/tello_driver/share/tello_driver/package.dsv'
[37.234s] INFO:colcon.colcon_core.shell:Creating package script '/home/robinson/tello_ros_ws/install/tello_driver/share/tello_driver/package.sh'
[37.234s] INFO:colcon.colcon_core.shell:Creating package script '/home/robinson/tello_ros_ws/install/tello_driver/share/tello_driver/package.bash'
[37.235s] INFO:colcon.colcon_core.shell:Creating package script '/home/robinson/tello_ros_ws/install/tello_driver/share/tello_driver/package.zsh'
[37.235s] Level 1:colcon.colcon_core.environment:create_file_with_runtime_dependencies(/home/robinson/tello_ros_ws/install/tello_driver/share/colcon-core/packages/tello_driver)
[60.204s] DEBUG:colcon.colcon_core.event_handler.log_command:Invoked command in '/home/robinson/tello_ros_ws/build/tello_gazebo' returned '0': AMENT_PREFIX_PATH=/home/robinson/tello_ros_ws/install/tello_msgs:${AMENT_PREFIX_PATH} CMAKE_PREFIX_PATH=/home/robinson/tello_ros_ws/install/tello_msgs:/opt/ros/galactic LD_LIBRARY_PATH=/home/robinson/tello_ros_ws/install/tello_msgs/lib:${LD_LIBRARY_PATH} PYTHONPATH=/home/robinson/tello_ros_ws/install/tello_msgs/lib/python3.8/site-packages:${PYTHONPATH} /usr/bin/cmake /home/robinson/tello_ros_ws/src/tello_ros/tello_gazebo -DAMENT_CMAKE_SYMLINK_INSTALL=1 -DCMAKE_INSTALL_PREFIX=/home/robinson/tello_ros_ws/install/tello_gazebo
[60.213s] DEBUG:colcon.colcon_core.event_handler.log_command:Invoking command in '/home/robinson/tello_ros_ws/build/tello_gazebo': AMENT_PREFIX_PATH=/home/robinson/tello_ros_ws/install/tello_msgs:${AMENT_PREFIX_PATH} CMAKE_PREFIX_PATH=/home/robinson/tello_ros_ws/install/tello_msgs:/opt/ros/galactic LD_LIBRARY_PATH=/home/robinson/tello_ros_ws/install/tello_msgs/lib:${LD_LIBRARY_PATH} PYTHONPATH=/home/robinson/tello_ros_ws/install/tello_msgs/lib/python3.8/site-packages:${PYTHONPATH} /usr/bin/cmake --build /home/robinson/tello_ros_ws/build/tello_gazebo -- -j20 -l20
[70.423s] DEBUG:colcon.colcon_core.event_handler.log_command:Invoked command in '/home/robinson/tello_ros_ws/build/tello_gazebo' returned '0': AMENT_PREFIX_PATH=/home/robinson/tello_ros_ws/install/tello_msgs:${AMENT_PREFIX_PATH} CMAKE_PREFIX_PATH=/home/robinson/tello_ros_ws/install/tello_msgs:/opt/ros/galactic LD_LIBRARY_PATH=/home/robinson/tello_ros_ws/install/tello_msgs/lib:${LD_LIBRARY_PATH} PYTHONPATH=/home/robinson/tello_ros_ws/install/tello_msgs/lib/python3.8/site-packages:${PYTHONPATH} /usr/bin/cmake --build /home/robinson/tello_ros_ws/build/tello_gazebo -- -j20 -l20
[70.436s] DEBUG:colcon.colcon_core.event_handler.log_command:Invoking command in '/home/robinson/tello_ros_ws/build/tello_gazebo': AMENT_PREFIX_PATH=/home/robinson/tello_ros_ws/install/tello_msgs:${AMENT_PREFIX_PATH} CMAKE_PREFIX_PATH=/home/robinson/tello_ros_ws/install/tello_msgs:/opt/ros/galactic LD_LIBRARY_PATH=/home/robinson/tello_ros_ws/install/tello_msgs/lib:${LD_LIBRARY_PATH} PYTHONPATH=/home/robinson/tello_ros_ws/install/tello_msgs/lib/python3.8/site-packages:${PYTHONPATH} /usr/bin/cmake --install /home/robinson/tello_ros_ws/build/tello_gazebo
[70.741s] Level 1:colcon.colcon_core.environment:create_environment_scripts_only(tello_gazebo)
[70.742s] DEBUG:colcon.colcon_core.event_handler.log_command:Invoked command in '/home/robinson/tello_ros_ws/build/tello_gazebo' returned '0': AMENT_PREFIX_PATH=/home/robinson/tello_ros_ws/install/tello_msgs:${AMENT_PREFIX_PATH} CMAKE_PREFIX_PATH=/home/robinson/tello_ros_ws/install/tello_msgs:/opt/ros/galactic LD_LIBRARY_PATH=/home/robinson/tello_ros_ws/install/tello_msgs/lib:${LD_LIBRARY_PATH} PYTHONPATH=/home/robinson/tello_ros_ws/install/tello_msgs/lib/python3.8/site-packages:${PYTHONPATH} /usr/bin/cmake --install /home/robinson/tello_ros_ws/build/tello_gazebo
[70.743s] Level 1:colcon.colcon_core.environment:checking '/home/robinson/tello_ros_ws/install/tello_gazebo' for CMake module files
[70.743s] Level 1:colcon.colcon_core.environment:checking '/home/robinson/tello_ros_ws/install/tello_gazebo' for CMake config files
[70.743s] Level 1:colcon.colcon_core.shell:create_environment_hook('tello_gazebo', 'cmake_prefix_path')
[70.744s] INFO:colcon.colcon_core.shell:Creating environment hook '/home/robinson/tello_ros_ws/install/tello_gazebo/share/tello_gazebo/hook/cmake_prefix_path.ps1'
[70.744s] INFO:colcon.colcon_core.shell:Creating environment descriptor '/home/robinson/tello_ros_ws/install/tello_gazebo/share/tello_gazebo/hook/cmake_prefix_path.dsv'
[70.745s] INFO:colcon.colcon_core.shell:Creating environment hook '/home/robinson/tello_ros_ws/install/tello_gazebo/share/tello_gazebo/hook/cmake_prefix_path.sh'
[70.745s] Level 1:colcon.colcon_core.environment:checking '/home/robinson/tello_ros_ws/install/tello_gazebo/lib'
[70.745s] Level 1:colcon.colcon_core.shell:create_environment_hook('tello_gazebo', 'ld_library_path_lib')
[70.746s] INFO:colcon.colcon_core.shell:Creating environment hook '/home/robinson/tello_ros_ws/install/tello_gazebo/share/tello_gazebo/hook/ld_library_path_lib.ps1'
[70.746s] INFO:colcon.colcon_core.shell:Creating environment descriptor '/home/robinson/tello_ros_ws/install/tello_gazebo/share/tello_gazebo/hook/ld_library_path_lib.dsv'
[70.746s] INFO:colcon.colcon_core.shell:Creating environment hook '/home/robinson/tello_ros_ws/install/tello_gazebo/share/tello_gazebo/hook/ld_library_path_lib.sh'
[70.746s] Level 1:colcon.colcon_core.environment:checking '/home/robinson/tello_ros_ws/install/tello_gazebo/bin'
[70.746s] Level 1:colcon.colcon_core.environment:checking '/home/robinson/tello_ros_ws/install/tello_gazebo/lib/pkgconfig/tello_gazebo.pc'
[70.746s] Level 1:colcon.colcon_core.environment:checking '/home/robinson/tello_ros_ws/install/tello_gazebo/lib/python3.8/site-packages'
[70.746s] Level 1:colcon.colcon_core.environment:checking '/home/robinson/tello_ros_ws/install/tello_gazebo/bin'
[70.747s] INFO:colcon.colcon_core.shell:Creating package script '/home/robinson/tello_ros_ws/install/tello_gazebo/share/tello_gazebo/package.ps1'
[70.747s] INFO:colcon.colcon_core.shell:Creating package descriptor '/home/robinson/tello_ros_ws/install/tello_gazebo/share/tello_gazebo/package.dsv'
[70.747s] INFO:colcon.colcon_core.shell:Creating package script '/home/robinson/tello_ros_ws/install/tello_gazebo/share/tello_gazebo/package.sh'
[70.747s] INFO:colcon.colcon_core.shell:Creating package script '/home/robinson/tello_ros_ws/install/tello_gazebo/share/tello_gazebo/package.bash'
[70.748s] INFO:colcon.colcon_core.shell:Creating package script '/home/robinson/tello_ros_ws/install/tello_gazebo/share/tello_gazebo/package.zsh'
[70.748s] Level 1:colcon.colcon_core.environment:create_file_with_runtime_dependencies(/home/robinson/tello_ros_ws/install/tello_gazebo/share/colcon-core/packages/tello_gazebo)
[70.762s] Level 1:colcon.colcon_core.environment:create_environment_scripts_only(tello_gazebo)
[70.763s] Level 1:colcon.colcon_core.environment:checking '/home/robinson/tello_ros_ws/install/tello_gazebo' for CMake module files
[70.764s] Level 1:colcon.colcon_core.environment:checking '/home/robinson/tello_ros_ws/install/tello_gazebo' for CMake config files
[70.764s] Level 1:colcon.colcon_core.shell:create_environment_hook('tello_gazebo', 'cmake_prefix_path')
[70.764s] INFO:colcon.colcon_core.shell:Creating environment hook '/home/robinson/tello_ros_ws/install/tello_gazebo/share/tello_gazebo/hook/cmake_prefix_path.ps1'
[70.765s] INFO:colcon.colcon_core.shell:Creating environment descriptor '/home/robinson/tello_ros_ws/install/tello_gazebo/share/tello_gazebo/hook/cmake_prefix_path.dsv'
[70.765s] INFO:colcon.colcon_core.shell:Creating environment hook '/home/robinson/tello_ros_ws/install/tello_gazebo/share/tello_gazebo/hook/cmake_prefix_path.sh'
[70.765s] Level 1:colcon.colcon_core.environment:checking '/home/robinson/tello_ros_ws/install/tello_gazebo/lib'
[70.765s] Level 1:colcon.colcon_core.shell:create_environment_hook('tello_gazebo', 'ld_library_path_lib')
[70.766s] INFO:colcon.colcon_core.shell:Creating environment hook '/home/robinson/tello_ros_ws/install/tello_gazebo/share/tello_gazebo/hook/ld_library_path_lib.ps1'
[70.766s] INFO:colcon.colcon_core.shell:Creating environment descriptor '/home/robinson/tello_ros_ws/install/tello_gazebo/share/tello_gazebo/hook/ld_library_path_lib.dsv'
[70.766s] INFO:colcon.colcon_core.shell:Creating environment hook '/home/robinson/tello_ros_ws/install/tello_gazebo/share/tello_gazebo/hook/ld_library_path_lib.sh'
[70.766s] Level 1:colcon.colcon_core.environment:checking '/home/robinson/tello_ros_ws/install/tello_gazebo/bin'
[70.766s] Level 1:colcon.colcon_core.environment:checking '/home/robinson/tello_ros_ws/install/tello_gazebo/lib/pkgconfig/tello_gazebo.pc'
[70.767s] Level 1:colcon.colcon_core.environment:checking '/home/robinson/tello_ros_ws/install/tello_gazebo/lib/python3.8/site-packages'
[70.767s] Level 1:colcon.colcon_core.environment:checking '/home/robinson/tello_ros_ws/install/tello_gazebo/bin'
[70.767s] INFO:colcon.colcon_core.shell:Creating package script '/home/robinson/tello_ros_ws/install/tello_gazebo/share/tello_gazebo/package.ps1'
[70.768s] INFO:colcon.colcon_core.shell:Creating package descriptor '/home/robinson/tello_ros_ws/install/tello_gazebo/share/tello_gazebo/package.dsv'
[70.768s] INFO:colcon.colcon_core.shell:Creating package script '/home/robinson/tello_ros_ws/install/tello_gazebo/share/tello_gazebo/package.sh'
[70.769s] INFO:colcon.colcon_core.shell:Creating package script '/home/robinson/tello_ros_ws/install/tello_gazebo/share/tello_gazebo/package.bash'
[70.769s] INFO:colcon.colcon_core.shell:Creating package script '/home/robinson/tello_ros_ws/install/tello_gazebo/share/tello_gazebo/package.zsh'
[70.769s] Level 1:colcon.colcon_core.environment:create_file_with_runtime_dependencies(/home/robinson/tello_ros_ws/install/tello_gazebo/share/colcon-core/packages/tello_gazebo)
[70.769s] DEBUG:colcon.colcon_parallel_executor.executor.parallel:closing loop
[70.769s] DEBUG:colcon.colcon_parallel_executor.executor.parallel:loop closed
[70.770s] DEBUG:colcon.colcon_parallel_executor.executor.parallel:run_until_complete finished with '0'
[70.770s] DEBUG:colcon.colcon_core.event_reactor:joining thread
[70.821s] INFO:colcon.colcon_core.plugin_system:Skipping extension 'colcon_notification.desktop_notification.notify_send': Could not find 'notify-send'
[70.821s] INFO:colcon.colcon_core.plugin_system:Skipping extension 'colcon_notification.desktop_notification.terminal_notifier': Not used on non-Darwin systems
[70.821s] INFO:colcon.colcon_core.plugin_system:Skipping extension 'colcon_notification.desktop_notification.win32': Not used on non-Windows systems
[70.821s] INFO:colcon.colcon_notification.desktop_notification:Sending desktop notification using 'notify2'
[204.041s] DEBUG:colcon.colcon_notification.desktop_notification.notify2:Failed to initialize notify2: org.freedesktop.DBus.Error.Spawn.ExecFailed: /usr/bin/dbus-launch terminated abnormally with the following error: Autolaunch error: X11 initialization failed.

[204.041s] DEBUG:colcon.colcon_core.event_reactor:joined thread
[204.043s] INFO:colcon.colcon_core.shell:Creating prefix script '/home/robinson/tello_ros_ws/install/local_setup.ps1'
[204.043s] INFO:colcon.colcon_core.shell:Creating prefix util module '/home/robinson/tello_ros_ws/install/_local_setup_util_ps1.py'
[204.044s] INFO:colcon.colcon_core.shell:Creating prefix chain script '/home/robinson/tello_ros_ws/install/setup.ps1'
[204.045s] INFO:colcon.colcon_core.shell:Creating prefix script '/home/robinson/tello_ros_ws/install/local_setup.sh'
[204.045s] INFO:colcon.colcon_core.shell:Creating prefix util module '/home/robinson/tello_ros_ws/install/_local_setup_util_sh.py'
[204.045s] INFO:colcon.colcon_core.shell:Creating prefix chain script '/home/robinson/tello_ros_ws/install/setup.sh'
[204.046s] INFO:colcon.colcon_core.shell:Creating prefix script '/home/robinson/tello_ros_ws/install/local_setup.bash'
[204.046s] INFO:colcon.colcon_core.shell:Creating prefix chain script '/home/robinson/tello_ros_ws/install/setup.bash'
[204.046s] INFO:colcon.colcon_core.shell:Creating prefix script '/home/robinson/tello_ros_ws/install/local_setup.zsh'
[204.047s] INFO:colcon.colcon_core.shell:Creating prefix chain script '/home/robinson/tello_ros_ws/install/setup.zsh'
