[0.016s] Invoking command in '/home/robinson/tello_ros_ws/build/ros2_shared': CMAKE_PREFIX_PATH=/opt/ros/galactic /usr/bin/cmake /home/robinson/tello_ros_ws/src/ros2_shared -DAMENT_CMAKE_SYMLINK_INSTALL=1 -DCMAKE_INSTALL_PREFIX=/home/robinson/tello_ros_ws/install/ros2_shared
[0.134s] -- The C compiler identification is GNU 9.4.0
[0.327s] -- The CXX compiler identification is GNU 9.4.0
[0.410s] -- Check for working C compiler: /usr/bin/cc
[0.521s] -- Check for working C compiler: /usr/bin/cc -- works
[0.522s] -- Detecting C compiler ABI info
[0.630s] -- Detecting C compiler ABI info - done
[0.637s] -- Detecting C compile features
[0.637s] -- Detecting C compile features - done
[0.639s] -- Check for working CXX compiler: /usr/bin/c++
[0.750s] -- Check for working CXX compiler: /usr/bin/c++ -- works
[0.750s] -- Detecting CXX compiler ABI info
[0.860s] -- Detecting CXX compiler ABI info - done
[0.866s] -- Detecting CXX compile features
[0.867s] -- Detecting CXX compile features - done
[0.868s] -- Found ament_cmake: 1.1.5 (/opt/ros/galactic/share/ament_cmake/cmake)
[1.027s] -- Found PythonInterp: /home/robinson/.pyenv/shims/python3 (found suitable version "3.8.10", minimum required is "3") 
[1.027s] -- Using PYTHON_EXECUTABLE: /home/robinson/.pyenv/shims/python3
[1.204s] -- Override CMake install command with custom implementation using symlinks instead of copying resources
[1.414s] -- Configuring done
[1.415s] -- Generating done
[1.416s] -- Build files have been written to: /home/robinson/tello_ros_ws/build/ros2_shared
[1.419s] Invoked command in '/home/robinson/tello_ros_ws/build/ros2_shared' returned '0': CMAKE_PREFIX_PATH=/opt/ros/galactic /usr/bin/cmake /home/robinson/tello_ros_ws/src/ros2_shared -DAMENT_CMAKE_SYMLINK_INSTALL=1 -DCMAKE_INSTALL_PREFIX=/home/robinson/tello_ros_ws/install/ros2_shared
[1.421s] Invoking command in '/home/robinson/tello_ros_ws/build/ros2_shared': CMAKE_PREFIX_PATH=/opt/ros/galactic /usr/bin/cmake --build /home/robinson/tello_ros_ws/build/ros2_shared -- -j20 -l20
[1.447s] Invoked command in '/home/robinson/tello_ros_ws/build/ros2_shared' returned '0': CMAKE_PREFIX_PATH=/opt/ros/galactic /usr/bin/cmake --build /home/robinson/tello_ros_ws/build/ros2_shared -- -j20 -l20
[1.470s] Invoking command in '/home/robinson/tello_ros_ws/build/ros2_shared': CMAKE_PREFIX_PATH=/opt/ros/galactic /usr/bin/cmake --install /home/robinson/tello_ros_ws/build/ros2_shared
[1.475s] -- Install configuration: ""
[1.475s] -- Execute custom install script
[1.476s] -- Symlinking: /home/robinson/tello_ros_ws/install/ros2_shared/include/ros2_shared/context_macros.hpp
[1.481s] -- Symlinking: /home/robinson/tello_ros_ws/install/ros2_shared/include/ros2_shared/param_macros.hpp
[1.486s] -- Symlinking: /home/robinson/tello_ros_ws/install/ros2_shared/include/ros2_shared/string_printf.hpp
[1.492s] -- Symlinking: /home/robinson/tello_ros_ws/install/ros2_shared/share/ament_index/resource_index/package_run_dependencies/ros2_shared
[1.498s] -- Symlinking: /home/robinson/tello_ros_ws/install/ros2_shared/share/ament_index/resource_index/parent_prefix_path/ros2_shared
[1.504s] -- Symlinking: /home/robinson/tello_ros_ws/install/ros2_shared/share/ros2_shared/environment/ament_prefix_path.sh
[1.512s] -- Symlinking: /home/robinson/tello_ros_ws/install/ros2_shared/share/ros2_shared/environment/ament_prefix_path.dsv
[1.520s] -- Symlinking: /home/robinson/tello_ros_ws/install/ros2_shared/share/ros2_shared/environment/path.sh
[1.527s] -- Symlinking: /home/robinson/tello_ros_ws/install/ros2_shared/share/ros2_shared/environment/path.dsv
[1.532s] -- Symlinking: /home/robinson/tello_ros_ws/install/ros2_shared/share/ros2_shared/local_setup.bash
[1.538s] -- Symlinking: /home/robinson/tello_ros_ws/install/ros2_shared/share/ros2_shared/local_setup.sh
[1.544s] -- Symlinking: /home/robinson/tello_ros_ws/install/ros2_shared/share/ros2_shared/local_setup.zsh
[1.550s] -- Symlinking: /home/robinson/tello_ros_ws/install/ros2_shared/share/ros2_shared/local_setup.dsv
[1.556s] -- Symlinking: /home/robinson/tello_ros_ws/install/ros2_shared/share/ros2_shared/package.dsv
[1.562s] -- Symlinking: /home/robinson/tello_ros_ws/install/ros2_shared/share/ament_index/resource_index/packages/ros2_shared
[1.570s] -- Symlinking: /home/robinson/tello_ros_ws/install/ros2_shared/share/ros2_shared/cmake/ament_cmake_export_include_directories-extras.cmake
[1.575s] -- Symlinking: /home/robinson/tello_ros_ws/install/ros2_shared/share/ros2_shared/cmake/ros2_sharedConfig.cmake
[1.581s] -- Symlinking: /home/robinson/tello_ros_ws/install/ros2_shared/share/ros2_shared/cmake/ros2_sharedConfig-version.cmake
[1.586s] -- Symlinking: /home/robinson/tello_ros_ws/install/ros2_shared/share/ros2_shared/package.xml
[1.595s] Invoked command in '/home/robinson/tello_ros_ws/build/ros2_shared' returned '0': CMAKE_PREFIX_PATH=/opt/ros/galactic /usr/bin/cmake --install /home/robinson/tello_ros_ws/build/ros2_shared
